\BOOKMARK [1][-]{section.1}{\376\377\000I\000n\000t\000r\000o\000d\000u\000c\000t\000i\000o\000n}{}% 1
\BOOKMARK [1][-]{section.2}{\376\377\000N\000o\000t\000a\000t\000i\000o\000n}{}% 2
\BOOKMARK [1][-]{section.3}{\376\377\000C\000r\000y\000p\000t\000o\000g\000r\000a\000p\000h\000i\000c\000\040\000p\000r\000i\000m\000i\000t\000i\000v\000e\000s}{}% 3
\BOOKMARK [1][-]{section.4}{\376\377\000A\000d\000d\000r\000e\000s\000s\000e\000s}{}% 4
\BOOKMARK [1][-]{section.5}{\376\377\000P\000r\000o\000t\000o\000c\000o\000l\000\040\000P\000a\000r\000a\000m\000e\000t\000e\000r\000s}{}% 5
\BOOKMARK [2][-]{subsection.5.1}{\376\377\000U\000p\000d\000a\000t\000a\000b\000l\000e\000\040\000P\000r\000o\000t\000o\000c\000o\000l\000\040\000P\000a\000r\000a\000m\000e\000t\000e\000r\000s}{section.5}% 6
\BOOKMARK [2][-]{subsection.5.2}{\376\377\000G\000l\000o\000b\000a\000l\000\040\000C\000o\000n\000s\000t\000a\000n\000t\000s}{section.5}% 7
\BOOKMARK [1][-]{section.6}{\376\377\000T\000r\000a\000n\000s\000a\000c\000t\000i\000o\000n\000s}{}% 8
\BOOKMARK [1][-]{section.7}{\376\377\000U\000p\000d\000a\000t\000e\000\040\000P\000r\000o\000p\000o\000s\000a\000l\000\040\000M\000e\000c\000h\000a\000n\000i\000s\000m}{}% 9
\BOOKMARK [2][-]{subsection.7.1}{\376\377\000P\000r\000o\000t\000o\000c\000o\000l\000\040\000P\000a\000r\000a\000m\000e\000t\000e\000r\000\040\000U\000p\000d\000a\000t\000e\000\040\000P\000r\000o\000p\000o\000s\000a\000l\000s}{section.7}% 10
\BOOKMARK [1][-]{section.8}{\376\377\000U\000T\000x\000O}{}% 11
\BOOKMARK [2][-]{subsection.8.1}{\376\377\000U\000T\000x\000O\000\040\000T\000r\000a\000n\000s\000i\000t\000i\000o\000n\000s}{section.8}% 12
\BOOKMARK [2][-]{subsection.8.2}{\376\377\000D\000e\000p\000o\000s\000i\000t\000s\000\040\000a\000n\000d\000\040\000R\000e\000f\000u\000n\000d\000s}{section.8}% 13
\BOOKMARK [2][-]{subsection.8.3}{\376\377\000W\000i\000t\000n\000e\000s\000s\000e\000s}{section.8}% 14
\BOOKMARK [1][-]{section.9}{\376\377\000D\000e\000l\000e\000g\000a\000t\000i\000o\000n}{}% 15
\BOOKMARK [2][-]{subsection.9.1}{\376\377\000D\000e\000l\000e\000g\000a\000t\000i\000o\000n\000\040\000D\000e\000f\000i\000n\000i\000t\000i\000o\000n\000s}{section.9}% 16
\BOOKMARK [2][-]{subsection.9.2}{\376\377\000D\000e\000l\000e\000g\000a\000t\000i\000o\000n\000\040\000T\000r\000a\000n\000s\000i\000t\000i\000o\000n\000s}{section.9}% 17
\BOOKMARK [2][-]{subsection.9.3}{\376\377\000D\000e\000l\000e\000g\000a\000t\000i\000o\000n\000\040\000R\000u\000l\000e\000s}{section.9}% 18
\BOOKMARK [2][-]{subsection.9.4}{\376\377\000S\000t\000a\000k\000e\000\040\000P\000o\000o\000l\000\040\000R\000u\000l\000e\000s}{section.9}% 19
\BOOKMARK [2][-]{subsection.9.5}{\376\377\000D\000e\000l\000e\000g\000a\000t\000i\000o\000n\000\040\000a\000n\000d\000\040\000P\000o\000o\000l\000\040\000C\000o\000m\000b\000i\000n\000e\000d\000\040\000R\000u\000l\000e\000s}{section.9}% 20
\BOOKMARK [1][-]{section.10}{\376\377\000L\000e\000d\000g\000e\000r\000\040\000S\000t\000a\000t\000e\000\040\000T\000r\000a\000n\000s\000i\000t\000i\000o\000n}{}% 21
\BOOKMARK [1][-]{section.11}{\376\377\000R\000e\000w\000a\000r\000d\000s\000\040\000a\000n\000d\000\040\000t\000h\000e\000\040\000E\000p\000o\000c\000h\000\040\000B\000o\000u\000n\000d\000a\000r\000y}{}% 22
\BOOKMARK [2][-]{subsection.11.1}{\376\377\000O\000v\000e\000r\000v\000i\000e\000w\000\040\000o\000f\000\040\000t\000h\000e\000\040\000R\000e\000w\000a\000r\000d\000\040\000C\000a\000l\000c\000u\000l\000a\000t\000i\000o\000n}{section.11}% 23
\BOOKMARK [2][-]{subsection.11.2}{\376\377\000E\000x\000a\000m\000p\000l\000e\000\040\000I\000l\000l\000u\000s\000t\000r\000a\000t\000i\000o\000n\000\040\000o\000f\000\040\000t\000h\000e\000\040\000R\000e\000w\000a\000r\000d\000\040\000C\000y\000c\000l\000e}{section.11}% 24
\BOOKMARK [2][-]{subsection.11.3}{\376\377\000H\000e\000l\000p\000e\000r\000\040\000F\000u\000n\000c\000t\000i\000o\000n\000s\000\040\000a\000n\000d\000\040\000A\000c\000c\000o\000u\000n\000t\000i\000n\000g\000\040\000F\000i\000e\000l\000d\000s}{section.11}% 25
\BOOKMARK [2][-]{subsection.11.4}{\376\377\000S\000t\000a\000k\000e\000\040\000D\000i\000s\000t\000r\000i\000b\000u\000t\000i\000o\000n\000\040\000C\000a\000l\000c\000u\000l\000a\000t\000i\000o\000n}{section.11}% 26
\BOOKMARK [2][-]{subsection.11.5}{\376\377\000S\000n\000a\000p\000s\000h\000o\000t\000\040\000T\000r\000a\000n\000s\000i\000t\000i\000o\000n}{section.11}% 27
\BOOKMARK [2][-]{subsection.11.6}{\376\377\000P\000o\000o\000l\000\040\000R\000e\000a\000p\000i\000n\000g\000\040\000T\000r\000a\000n\000s\000i\000t\000i\000o\000n}{section.11}% 28
\BOOKMARK [2][-]{subsection.11.7}{\376\377\000P\000r\000o\000t\000o\000c\000o\000l\000\040\000P\000a\000r\000a\000m\000e\000t\000e\000r\000s\000\040\000U\000p\000d\000a\000t\000e\000\040\000T\000r\000a\000n\000s\000i\000t\000i\000o\000n}{section.11}% 29
\BOOKMARK [2][-]{subsection.11.8}{\376\377\000C\000o\000m\000p\000l\000e\000t\000e\000\040\000E\000p\000o\000c\000h\000\040\000B\000o\000u\000n\000d\000a\000r\000y\000\040\000T\000r\000a\000n\000s\000i\000t\000i\000o\000n}{section.11}% 30
\BOOKMARK [2][-]{subsection.11.9}{\376\377\000R\000e\000w\000a\000r\000d\000s\000\040\000D\000i\000s\000t\000r\000i\000b\000u\000t\000i\000o\000n\000\040\000C\000a\000l\000c\000u\000l\000a\000t\000i\000o\000n}{section.11}% 31
\BOOKMARK [2][-]{subsection.11.10}{\376\377\000R\000e\000w\000a\000r\000d\000\040\000U\000p\000d\000a\000t\000e\000\040\000C\000a\000l\000c\000u\000l\000a\000t\000i\000o\000n}{section.11}% 32
\BOOKMARK [1][-]{section.12}{\376\377\000B\000l\000o\000c\000k\000c\000h\000a\000i\000n\000\040\000l\000a\000y\000e\000r}{}% 33
\BOOKMARK [2][-]{subsection.12.1}{\376\377\000B\000l\000o\000c\000k\000\040\000D\000e\000f\000i\000n\000i\000t\000i\000o\000n\000s}{section.12}% 34
\BOOKMARK [2][-]{subsection.12.2}{\376\377\000M\000I\000R\000\040\000T\000r\000a\000n\000s\000i\000t\000i\000o\000n}{section.12}% 35
\BOOKMARK [2][-]{subsection.12.3}{\376\377\000N\000e\000w\000\040\000E\000p\000o\000c\000h\000\040\000T\000r\000a\000n\000s\000i\000t\000i\000o\000n}{section.12}% 36
\BOOKMARK [2][-]{subsection.12.4}{\376\377\000T\000i\000c\000k\000\040\000N\000o\000n\000c\000e\000\040\000T\000r\000a\000n\000s\000i\000t\000i\000o\000n}{section.12}% 37
\BOOKMARK [2][-]{subsection.12.5}{\376\377\000U\000p\000d\000a\000t\000e\000\040\000N\000o\000n\000c\000e\000\040\000T\000r\000a\000n\000s\000i\000t\000i\000o\000n}{section.12}% 38
\BOOKMARK [2][-]{subsection.12.6}{\376\377\000R\000e\000w\000a\000r\000d\000\040\000U\000p\000d\000a\000t\000e\000\040\000T\000r\000a\000n\000s\000i\000t\000i\000o\000n}{section.12}% 39
\BOOKMARK [2][-]{subsection.12.7}{\376\377\000C\000h\000a\000i\000n\000\040\000T\000i\000c\000k\000\040\000T\000r\000a\000n\000s\000i\000t\000i\000o\000n}{section.12}% 40
\BOOKMARK [2][-]{subsection.12.8}{\376\377\000O\000p\000e\000r\000a\000t\000i\000o\000n\000a\000l\000\040\000C\000e\000r\000t\000i\000f\000i\000c\000a\000t\000e\000\040\000T\000r\000a\000n\000s\000i\000t\000i\000o\000n}{section.12}% 41
\BOOKMARK [2][-]{subsection.12.9}{\376\377\000V\000e\000r\000i\000f\000i\000a\000b\000l\000e\000\040\000R\000a\000n\000d\000o\000m\000\040\000F\000u\000n\000c\000t\000i\000o\000n}{section.12}% 42
\BOOKMARK [2][-]{subsection.12.10}{\376\377\000O\000v\000e\000r\000l\000a\000y\000\040\000S\000c\000h\000e\000d\000u\000l\000e}{section.12}% 43
\BOOKMARK [2][-]{subsection.12.11}{\376\377\000P\000r\000o\000t\000o\000c\000o\000l\000\040\000T\000r\000a\000n\000s\000i\000t\000i\000o\000n}{section.12}% 44
\BOOKMARK [2][-]{subsection.12.12}{\376\377\000B\000l\000o\000c\000k\000\040\000B\000o\000d\000y\000\040\000T\000r\000a\000n\000s\000i\000t\000i\000o\000n}{section.12}% 45
\BOOKMARK [2][-]{subsection.12.13}{\376\377\000C\000h\000a\000i\000n\000\040\000T\000r\000a\000n\000s\000i\000t\000i\000o\000n}{section.12}% 46
\BOOKMARK [2][-]{subsection.12.14}{\376\377\000B\000y\000r\000o\000n\000\040\000t\000o\000\040\000S\000h\000e\000l\000l\000e\000y\000\040\000T\000r\000a\000n\000s\000i\000t\000i\000o\000n}{section.12}% 47
\BOOKMARK [1][-]{section.13}{\376\377\000S\000o\000f\000t\000w\000a\000r\000e\000\040\000U\000p\000d\000a\000t\000e\000s}{}% 48
\BOOKMARK [1][-]{section.14}{\376\377\000T\000r\000a\000n\000s\000i\000t\000i\000o\000n\000\040\000R\000u\000l\000e\000\040\000D\000e\000p\000e\000n\000d\000e\000n\000c\000i\000e\000s}{}% 49
\BOOKMARK [1][-]{section.15}{\376\377\000P\000r\000o\000p\000e\000r\000t\000i\000e\000s}{}% 50
\BOOKMARK [2][-]{subsection.15.1}{\376\377\000H\000e\000a\000d\000e\000r\000-\000O\000n\000l\000y\000\040\000V\000a\000l\000i\000d\000a\000t\000i\000o\000n}{section.15}% 51
\BOOKMARK [2][-]{subsection.15.2}{\376\377\000V\000a\000l\000i\000d\000i\000t\000y\000\040\000o\000f\000\040\000a\000\040\000L\000e\000d\000g\000e\000r\000\040\000S\000t\000a\000t\000e}{section.15}% 52
\BOOKMARK [2][-]{subsection.15.3}{\376\377\000L\000e\000d\000g\000e\000r\000\040\000P\000r\000o\000p\000e\000r\000t\000i\000e\000s}{section.15}% 53
\BOOKMARK [2][-]{subsection.15.4}{\376\377\000L\000e\000d\000g\000e\000r\000\040\000S\000t\000a\000t\000e\000\040\000P\000r\000o\000p\000e\000r\000t\000i\000e\000s\000\040\000f\000o\000r\000\040\000D\000e\000l\000e\000g\000a\000t\000i\000o\000n\000\040\000T\000r\000a\000n\000s\000i\000t\000i\000o\000n\000s}{section.15}% 54
\BOOKMARK [2][-]{subsection.15.5}{\376\377\000L\000e\000d\000g\000e\000r\000\040\000S\000t\000a\000t\000e\000\040\000P\000r\000o\000p\000e\000r\000t\000i\000e\000s\000\040\000f\000o\000r\000\040\000S\000t\000a\000k\000i\000n\000g\000\040\000P\000o\000o\000l\000\040\000T\000r\000a\000n\000s\000i\000t\000i\000o\000n\000s}{section.15}% 55
\BOOKMARK [2][-]{subsection.15.6}{\376\377\000P\000r\000o\000p\000e\000r\000t\000i\000e\000s\000\040\000o\000f\000\040\000N\000u\000m\000e\000r\000i\000c\000a\000l\000\040\000C\000a\000l\000c\000u\000l\000a\000t\000i\000o\000n\000s}{section.15}% 56
\BOOKMARK [2][-]{subsection.15.7}{\376\377\000P\000r\000e\000s\000e\000r\000v\000a\000t\000i\000o\000n\000\040\000o\000f\000\040\000V\000a\000l\000u\000e}{section.15}% 57
\BOOKMARK [2][-]{subsection.15.8}{\376\377\000N\000o\000n\000-\000n\000e\000g\000a\000t\000i\000v\000e\000\040\000D\000e\000p\000o\000s\000i\000t\000\040\000P\000o\000t}{section.15}% 58
\BOOKMARK [1][-]{section.16}{\376\377\000L\000e\000a\000d\000e\000r\000\040\000V\000a\000l\000u\000e\000\040\000C\000a\000l\000c\000u\000l\000a\000t\000i\000o\000n}{}% 59
\BOOKMARK [2][-]{subsection.16.1}{\376\377\000C\000o\000m\000p\000u\000t\000i\000n\000g\000\040\000t\000h\000e\000\040\000l\000e\000a\000d\000e\000r\000\040\000v\000a\000l\000u\000e}{section.16}% 60
\BOOKMARK [2][-]{subsection.16.2}{\376\377\000N\000o\000d\000e\000\040\000e\000l\000i\000g\000i\000b\000i\000l\000i\000t\000y}{section.16}% 61
\BOOKMARK [1][-]{section.17}{\376\377\000E\000r\000r\000a\000t\000a}{}% 62
\BOOKMARK [2][-]{subsection.17.1}{\376\377\000T\000o\000t\000a\000l\000\040\000s\000t\000a\000k\000e\000\040\000c\000a\000l\000c\000u\000l\000a\000t\000i\000o\000n}{section.17}% 63
\BOOKMARK [2][-]{subsection.17.2}{\376\377\000A\000c\000t\000i\000v\000e\000\040\000s\000t\000a\000k\000e\000\040\000r\000e\000g\000i\000s\000t\000r\000a\000t\000i\000o\000n\000s\000\040\000a\000n\000d\000\040\000t\000h\000e\000\040\000R\000e\000w\000a\000r\000d\000\040\000C\000a\000l\000c\000u\000l\000a\000t\000i\000o\000n}{section.17}% 64
\BOOKMARK [2][-]{subsection.17.3}{\376\377\000S\000t\000a\000b\000i\000l\000i\000t\000y\000\040\000W\000i\000n\000d\000o\000w\000s}{section.17}% 65
\BOOKMARK [2][-]{subsection.17.4}{\376\377\000R\000e\000w\000a\000r\000d\000\040\000a\000g\000g\000r\000e\000g\000a\000t\000i\000o\000n}{section.17}% 66
\BOOKMARK [2][-]{subsection.17.5}{\376\377\000B\000y\000r\000o\000n\000\040\000r\000e\000d\000e\000e\000m\000\040\000a\000d\000d\000r\000e\000s\000s\000e\000s}{section.17}% 67
\BOOKMARK [2][-]{subsection.17.6}{\376\377\000B\000l\000o\000c\000k\000\040\000h\000a\000s\000h\000\040\000u\000s\000e\000d\000\040\000i\000n\000\040\000t\000h\000e\000\040\000e\000p\000o\000c\000h\000\040\000n\000o\000n\000c\000e}{section.17}% 68
\BOOKMARK [2][-]{subsection.17.7}{\376\377\000D\000e\000p\000o\000s\000i\000t\000\040\000t\000r\000a\000c\000k\000i\000n\000g}{section.17}% 69
\BOOKMARK [1][-]{subsection.17.7}{\376\377\000R\000e\000f\000e\000r\000e\000n\000c\000e\000s}{}% 70
\BOOKMARK [1][-]{appendix.A}{\376\377\000C\000r\000y\000p\000t\000o\000g\000r\000a\000p\000h\000i\000c\000\040\000D\000e\000t\000a\000i\000l\000s}{}% 71
\BOOKMARK [2][-]{subsection.A.1}{\376\377\000W\000a\000r\000n\000i\000n\000g\000\040\000A\000b\000o\000u\000t\000\040\000R\000e\000-\000s\000e\000r\000i\000a\000l\000i\000z\000a\000t\000i\000o\000n}{appendix.A}% 72
\BOOKMARK [2][-]{subsection.A.2}{\376\377\000H\000a\000s\000h\000i\000n\000g}{appendix.A}% 73
\BOOKMARK [2][-]{subsection.A.3}{\376\377\000A\000d\000d\000r\000e\000s\000s\000e\000s}{appendix.A}% 74
\BOOKMARK [2][-]{subsection.A.4}{\376\377\000K\000E\000S}{appendix.A}% 75
\BOOKMARK [2][-]{subsection.A.5}{\376\377\000V\000R\000F}{appendix.A}% 76
\BOOKMARK [2][-]{subsection.A.6}{\376\377\000A\000b\000s\000t\000r\000a\000c\000t\000\040\000f\000u\000n\000c\000t\000i\000o\000n\000s}{appendix.A}% 77
\BOOKMARK [2][-]{subsection.A.7}{\376\377\000M\000u\000l\000t\000i\000-\000S\000i\000g\000n\000a\000t\000u\000r\000e\000s}{appendix.A}% 78
\BOOKMARK [1][-]{appendix.B}{\376\377\000B\000i\000n\000a\000r\000y\000\040\000A\000d\000d\000r\000e\000s\000s\000\040\000F\000o\000r\000m\000a\000t}{}% 79
\BOOKMARK [2][-]{subsection.B.1}{\376\377\000H\000e\000a\000d\000e\000r\000,\000\040\000f\000i\000r\000s\000t\000\040\000n\000i\000b\000b\000l\000e}{appendix.B}% 80
\BOOKMARK [2][-]{subsection.B.2}{\376\377\000H\000e\000a\000d\000e\000r\000,\000\040\000s\000e\000c\000o\000n\000d\000\040\000n\000i\000b\000b\000l\000e}{appendix.B}% 81
\BOOKMARK [2][-]{subsection.B.3}{\376\377\000H\000e\000a\000d\000e\000r\000,\000\040\000e\000x\000a\000m\000p\000l\000e\000s}{appendix.B}% 82
\BOOKMARK [2][-]{subsection.B.4}{\376\377\000P\000a\000y\000l\000o\000a\000d\000s}{appendix.B}% 83
\BOOKMARK [1][-]{appendix.C}{\376\377\000B\000o\000o\000t\000s\000t\000r\000a\000p\000\040\000W\000i\000t\000n\000e\000s\000s\000e\000s}{}% 84
\BOOKMARK [2][-]{subsection.C.1}{\376\377\000B\000o\000o\000t\000s\000t\000r\000a\000p\000\040\000W\000i\000t\000n\000e\000s\000s\000e\000s\000\040\000C\000B\000O\000R\000\040\000S\000p\000e\000c\000i\000f\000i\000c\000a\000t\000i\000o\000n}{appendix.C}% 85
\BOOKMARK [2][-]{subsection.C.2}{\376\377\000B\000o\000o\000t\000s\000t\000r\000a\000p\000\040\000A\000d\000d\000r\000e\000s\000s\000\040\000I\000D\000\040\000R\000e\000c\000o\000v\000e\000r\000y}{appendix.C}% 86
\BOOKMARK [1][-]{appendix.D}{\376\377\000C\000B\000O\000R\000\040\000S\000e\000r\000i\000a\000l\000i\000z\000a\000t\000i\000o\000n\000\040\000S\000p\000e\000c\000i\000f\000i\000c\000a\000t\000i\000o\000n}{}% 87
\BOOKMARK [1][-]{appendix.E}{\376\377\000I\000m\000p\000l\000e\000m\000e\000n\000t\000a\000t\000i\000o\000n\000\040\000o\000f\000\040\000t\000x\000S\000i\000z\000e}{}% 88
\BOOKMARK [1][-]{appendix.F}{\376\377\000P\000r\000o\000o\000f\000s}{}% 89
