This is pdfTeX, Version 3.141592653-2.6-1.40.22 (TeX Live 2022/dev/Debian) (preloaded format=pdflatex 2024.3.19)  3 SEP 2025 14:17
entering extended mode
 restricted \write18 enabled.
 %&-line parsing enabled.
**shelley-ledger.tex
(./shelley-ledger.tex
LaTeX2e <2021-11-15> patch level 1
L3 programming layer <2022-01-21>
(/usr/share/texlive/texmf-dist/tex/latex/base/article.cls
Document Class: article 2021/10/04 v1.4n Standard LaTeX document class
(/usr/share/texlive/texmf-dist/tex/latex/base/size11.clo
File: size11.clo 2021/10/04 v1.4n Standard LaTeX file (size option)
)
\c@part=\count185
\c@section=\count186
\c@subsection=\count187
\c@subsubsection=\count188
\c@paragraph=\count189
\c@subparagraph=\count190
\c@figure=\count191
\c@table=\count192
\abovecaptionskip=\skip47
\belowcaptionskip=\skip48
\bibindent=\dimen138
) (./IOHKCoverPage.sty
Package: IOHKCoverPage 2019/09/12
(/usr/share/texlive/texmf-dist/tex/latex/fancyhdr/fancyhdr.sty
Package: fancyhdr 2021/01/28 v4.0.1 Extensive control of page headers and foote
rs
\f@nch@headwidth=\skip49
\f@nch@O@elh=\skip50
\f@nch@O@erh=\skip51
\f@nch@O@olh=\skip52
\f@nch@O@orh=\skip53
\f@nch@O@elf=\skip54
\f@nch@O@erf=\skip55
\f@nch@O@olf=\skip56
\f@nch@O@orf=\skip57
)
\@CoverPageWidth=\dimen139
\@CoverPageHeight=\dimen140
\@TableWidth=\dimen141
\TableWidth=\dimen142
\c@change=\count193
)
(/usr/share/texlive/texmf-dist/tex/latex/geometry/geometry.sty
Package: geometry 2020/01/02 v5.9 Page Geometry

(/usr/share/texlive/texmf-dist/tex/latex/graphics/keyval.sty
Package: keyval 2014/10/28 v1.15 key=value parser (DPC)
\KV@toks@=\toks16
)
(/usr/share/texlive/texmf-dist/tex/generic/iftex/ifvtex.sty
Package: ifvtex 2019/10/25 v1.7 ifvtex legacy package. Use iftex instead.

(/usr/share/texlive/texmf-dist/tex/generic/iftex/iftex.sty
Package: iftex 2020/03/06 v1.0d TeX engine tests
))
\Gm@cnth=\count194
\Gm@cntv=\count195
\c@Gm@tempcnt=\count196
\Gm@bindingoffset=\dimen143
\Gm@wd@mp=\dimen144
\Gm@odd@mp=\dimen145
\Gm@even@mp=\dimen146
\Gm@layoutwidth=\dimen147
\Gm@layoutheight=\dimen148
\Gm@layouthoffset=\dimen149
\Gm@layoutvoffset=\dimen150
\Gm@dimlist=\toks17
)
(/usr/share/texlive/texmf-dist/tex/latex/graphics/lscape.sty
Package: lscape 2020/05/28 v3.02 Landscape Pages (DPC)

(/usr/share/texlive/texmf-dist/tex/latex/graphics/graphics.sty
Package: graphics 2021/03/04 v1.4d Standard LaTeX Graphics (DPC,SPQR)

(/usr/share/texlive/texmf-dist/tex/latex/graphics/trig.sty
Package: trig 2021/08/11 v1.11 sin cos tan (DPC)
)
(/usr/share/texlive/texmf-dist/tex/latex/graphics-cfg/graphics.cfg
File: graphics.cfg 2016/06/04 v1.11 sample graphics configuration
)
Package graphics Info: Driver file: pdftex.def on input line 107.

(/usr/share/texlive/texmf-dist/tex/latex/graphics-def/pdftex.def
File: pdftex.def 2020/10/05 v1.2a Graphics/color driver for pdftex
))) (./iohk.sty
Package: iohk 2018/10/18
(/usr/share/texlive/texmf-dist/tex/latex/amsfonts/amssymb.sty
Package: amssymb 2013/01/14 v3.01 AMS font symbols

(/usr/share/texlive/texmf-dist/tex/latex/amsfonts/amsfonts.sty
Package: amsfonts 2013/01/14 v3.01 Basic AMSFonts support
\@emptytoks=\toks18
\symAMSa=\mathgroup4
\symAMSb=\mathgroup5
LaTeX Font Info:    Redeclaring math symbol \hbar on input line 98.
LaTeX Font Info:    Overwriting math alphabet `\mathfrak' in version `bold'
(Font)                  U/euf/m/n --> U/euf/b/n on input line 106.
))
(/usr/share/texlive/texmf-dist/tex/latex/extarrows/extarrows.sty
Package: extarrows 2020/03/12 v1.2.0 Some extensible arrows

(/usr/share/texlive/texmf-dist/tex/latex/amsmath/amsmath.sty
Package: amsmath 2021/10/15 v2.17l AMS math features
\@mathmargin=\skip58

For additional information on amsmath, use the `?' option.
(/usr/share/texlive/texmf-dist/tex/latex/amsmath/amstext.sty
Package: amstext 2021/08/26 v2.01 AMS text

(/usr/share/texlive/texmf-dist/tex/latex/amsmath/amsgen.sty
File: amsgen.sty 1999/11/30 v2.0 generic functions
\@emptytoks=\toks19
\ex@=\dimen151
))
(/usr/share/texlive/texmf-dist/tex/latex/amsmath/amsbsy.sty
Package: amsbsy 1999/11/29 v1.2d Bold Symbols
\pmbraise@=\dimen152
)
(/usr/share/texlive/texmf-dist/tex/latex/amsmath/amsopn.sty
Package: amsopn 2021/08/26 v2.02 operator names
)
\inf@bad=\count197
LaTeX Info: Redefining \frac on input line 234.
\uproot@=\count198
\leftroot@=\count199
LaTeX Info: Redefining \overline on input line 399.
\classnum@=\count266
\DOTSCASE@=\count267
LaTeX Info: Redefining \ldots on input line 496.
LaTeX Info: Redefining \dots on input line 499.
LaTeX Info: Redefining \cdots on input line 620.
\Mathstrutbox@=\box50
\strutbox@=\box51
\big@size=\dimen153
LaTeX Font Info:    Redeclaring font encoding OML on input line 743.
LaTeX Font Info:    Redeclaring font encoding OMS on input line 744.
\macc@depth=\count268
\c@MaxMatrixCols=\count269
\dotsspace@=\muskip16
\c@parentequation=\count270
\dspbrk@lvl=\count271
\tag@help=\toks20
\row@=\count272
\column@=\count273
\maxfields@=\count274
\andhelp@=\toks21
\eqnshift@=\dimen154
\alignsep@=\dimen155
\tagshift@=\dimen156
\tagwidth@=\dimen157
\totwidth@=\dimen158
\lineht@=\dimen159
\@envbody=\toks22
\multlinegap=\skip59
\multlinetaggap=\skip60
\mathdisplay@stack=\toks23
LaTeX Info: Redefining \[ on input line 2938.
LaTeX Info: Redefining \] on input line 2939.
))
(/usr/share/texlive/texmf-dist/tex/latex/carlisle/slashed.sty
Package: slashed 1997/01/16 v0.01 Feynman Slashed Character Notation (DPC)
) (./bclogo.sty)

! LaTeX Error: Unknown option `tikz' for package `bclogo'.

See the LaTeX manual or LaTeX Companion for explanation.
Type  H <return>  for immediate help.
 ...                                              
                                                  
l.8 \RequirePackage
                   {stmaryrd}
The option `tikz' was not declared in package `bclogo', perhaps you
misspelled its name. Try typing  <return>  to proceed.

(/usr/share/texlive/texmf-dist/tex/latex/stmaryrd/stmaryrd.sty
Package: stmaryrd 1994/03/03 St Mary's Road symbol package
\symstmry=\mathgroup6
LaTeX Font Info:    Overwriting symbol font `stmry' in version `bold'
(Font)                  U/stmry/m/n --> U/stmry/b/n on input line 89.
))
(/usr/share/texlive/texmf-dist/tex/latex/microtype/microtype.sty
Package: microtype 2021/12/10 v3.0b Micro-typographical refinements (RS)

(/usr/share/texlive/texmf-dist/tex/latex/etoolbox/etoolbox.sty
Package: etoolbox 2020/10/05 v2.5k e-TeX tools for LaTeX (JAW)
\etb@tempcnta=\count275
)
\MT@toks=\toks24
\MT@count=\count276
\MT@tempbox=\box52
LaTeX Info: Redefining \leftprotrusion on input line 1010.
LaTeX Info: Redefining \rightprotrusion on input line 1018.
LaTeX Info: Redefining \textls on input line 1173.
\MT@outer@kern=\dimen160
LaTeX Info: Redefining \textmicrotypecontext on input line 1759.
\MT@listname@count=\count277

(/usr/share/texlive/texmf-dist/tex/latex/microtype/microtype-pdftex.def
File: microtype-pdftex.def 2021/12/10 v3.0b Definitions specific to pdftex (RS)

LaTeX Info: Redefining \lsstyle on input line 897.
LaTeX Info: Redefining \lslig on input line 897.
\MT@outer@space=\skip61
)
Package microtype Info: Loading configuration file microtype.cfg.

(/usr/share/texlive/texmf-dist/tex/latex/microtype/microtype.cfg
File: microtype.cfg 2021/12/10 v3.0b microtype main configuration file (RS)
))
(/usr/share/texlive/texmf-dist/tex/latex/psnfss/mathpazo.sty
Package: mathpazo 2020/03/25 PSNFSS-v9.3 Palatino w/ Pazo Math (D.Puga, WaS) 
\symupright=\mathgroup7
)
(/usr/share/texlive/texmf-dist/tex/latex/amscls/amsthm.sty
Package: amsthm 2020/05/29 v2.20.6
\thm@style=\toks25
\thm@bodyfont=\toks26
\thm@headfont=\toks27
\thm@notefont=\toks28
\thm@headpunct=\toks29
\thm@preskip=\skip62
\thm@postskip=\skip63
\thm@headsep=\skip64
\dth@everypar=\toks30
)
(/usr/share/texlive/texmf-dist/tex/latex/base/latexsym.sty
Package: latexsym 1998/08/17 v2.2e Standard LaTeX package (lasy symbols)
\symlasy=\mathgroup8
LaTeX Font Info:    Overwriting symbol font `lasy' in version `bold'
(Font)                  U/lasy/m/n --> U/lasy/b/n on input line 52.
)
(/usr/share/texlive/texmf-dist/tex/latex/mathtools/mathtools.sty
Package: mathtools 2021/02/02 v1.28 mathematical typesetting tools

(/usr/share/texlive/texmf-dist/tex/latex/tools/calc.sty
Package: calc 2017/05/25 v4.3 Infix arithmetic (KKT,FJ)
\calc@Acount=\count278
\calc@Bcount=\count279
\calc@Adimen=\dimen161
\calc@Bdimen=\dimen162
\calc@Askip=\skip65
\calc@Bskip=\skip66
LaTeX Info: Redefining \setlength on input line 80.
LaTeX Info: Redefining \addtolength on input line 81.
\calc@Ccount=\count280
\calc@Cskip=\skip67
)
(/usr/share/texlive/texmf-dist/tex/latex/mathtools/mhsetup.sty
Package: mhsetup 2021/03/18 v1.4 programming setup (MH)
)
\g_MT_multlinerow_int=\count281
\l_MT_multwidth_dim=\dimen163
\origjot=\skip68
\l_MT_shortvdotswithinadjustabove_dim=\dimen164
\l_MT_shortvdotswithinadjustbelow_dim=\dimen165
\l_MT_above_intertext_sep=\dimen166
\l_MT_below_intertext_sep=\dimen167
\l_MT_above_shortintertext_sep=\dimen168
\l_MT_below_shortintertext_sep=\dimen169
\xmathstrut@box=\box53
\xmathstrut@dim=\dimen170
)
(/usr/share/texlive/texmf-dist/tex/latex/hyperref/hyperref.sty
Package: hyperref 2021-06-07 v7.00m Hypertext links for LaTeX

(/usr/share/texlive/texmf-dist/tex/generic/ltxcmds/ltxcmds.sty
Package: ltxcmds 2020-05-10 v1.25 LaTeX kernel commands for general use (HO)
)
(/usr/share/texlive/texmf-dist/tex/generic/pdftexcmds/pdftexcmds.sty
Package: pdftexcmds 2020-06-27 v0.33 Utility functions of pdfTeX for LuaTeX (HO
)

(/usr/share/texlive/texmf-dist/tex/generic/infwarerr/infwarerr.sty
Package: infwarerr 2019/12/03 v1.5 Providing info/warning/error messages (HO)
)
Package pdftexcmds Info: \pdf@primitive is available.
Package pdftexcmds Info: \pdf@ifprimitive is available.
Package pdftexcmds Info: \pdfdraftmode found.
)
(/usr/share/texlive/texmf-dist/tex/generic/kvsetkeys/kvsetkeys.sty
Package: kvsetkeys 2019/12/15 v1.18 Key value parser (HO)
)
(/usr/share/texlive/texmf-dist/tex/generic/kvdefinekeys/kvdefinekeys.sty
Package: kvdefinekeys 2019-12-19 v1.6 Define keys (HO)
)
(/usr/share/texlive/texmf-dist/tex/generic/pdfescape/pdfescape.sty
Package: pdfescape 2019/12/09 v1.15 Implements pdfTeX's escape features (HO)
)
(/usr/share/texlive/texmf-dist/tex/latex/hycolor/hycolor.sty
Package: hycolor 2020-01-27 v1.10 Color options for hyperref/bookmark (HO)
)
(/usr/share/texlive/texmf-dist/tex/latex/letltxmacro/letltxmacro.sty
Package: letltxmacro 2019/12/03 v1.6 Let assignment for LaTeX macros (HO)
)
(/usr/share/texlive/texmf-dist/tex/latex/auxhook/auxhook.sty
Package: auxhook 2019-12-17 v1.6 Hooks for auxiliary files (HO)
)
(/usr/share/texlive/texmf-dist/tex/latex/kvoptions/kvoptions.sty
Package: kvoptions 2020-10-07 v3.14 Key value format for package options (HO)
)
\@linkdim=\dimen171
\Hy@linkcounter=\count282
\Hy@pagecounter=\count283

(/usr/share/texlive/texmf-dist/tex/latex/hyperref/pd1enc.def
File: pd1enc.def 2021-06-07 v7.00m Hyperref: PDFDocEncoding definition (HO)
Now handling font encoding PD1 ...
... no UTF-8 mapping file for font encoding PD1
)
(/usr/share/texlive/texmf-dist/tex/latex/hyperref/hyperref-langpatches.def
File: hyperref-langpatches.def 2021-06-07 v7.00m Hyperref: patches for babel la
nguages
)
(/usr/share/texlive/texmf-dist/tex/generic/intcalc/intcalc.sty
Package: intcalc 2019/12/15 v1.3 Expandable calculations with integers (HO)
)
(/usr/share/texlive/texmf-dist/tex/generic/etexcmds/etexcmds.sty
Package: etexcmds 2019/12/15 v1.7 Avoid name clashes with e-TeX commands (HO)
)
\Hy@SavedSpaceFactor=\count284

(/usr/share/texlive/texmf-dist/tex/latex/hyperref/puenc.def
File: puenc.def 2021-06-07 v7.00m Hyperref: PDF Unicode definition (HO)
Now handling font encoding PU ...
... no UTF-8 mapping file for font encoding PU
)
Package hyperref Info: Option `unicode' set `true' on input line 4073.
Package hyperref Info: Option `pdfa' set `true' on input line 4073.
Package hyperref Info: Option `colorlinks' set `true' on input line 4073.
Package hyperref Info: Hyper figures OFF on input line 4192.
Package hyperref Info: Link nesting OFF on input line 4197.
Package hyperref Info: Hyper index ON on input line 4200.
Package hyperref Info: Plain pages OFF on input line 4207.
Package hyperref Info: Backreferencing OFF on input line 4212.
Package hyperref Info: Implicit mode ON; LaTeX internals redefined.
Package hyperref Info: Bookmarks ON on input line 4445.
\c@Hy@tempcnt=\count285

(/usr/share/texlive/texmf-dist/tex/latex/url/url.sty
\Urlmuskip=\muskip17
Package: url 2013/09/16  ver 3.4  Verb mode for urls, etc.
)
LaTeX Info: Redefining \url on input line 4804.
\XeTeXLinkMargin=\dimen172

(/usr/share/texlive/texmf-dist/tex/generic/bitset/bitset.sty
Package: bitset 2019/12/09 v1.3 Handle bit-vector datatype (HO)

(/usr/share/texlive/texmf-dist/tex/generic/bigintcalc/bigintcalc.sty
Package: bigintcalc 2019/12/15 v1.5 Expandable calculations on big integers (HO
)
))
\Fld@menulength=\count286
\Field@Width=\dimen173
\Fld@charsize=\dimen174
Package hyperref Info: Hyper figures OFF on input line 6076.
Package hyperref Info: Link nesting OFF on input line 6081.
Package hyperref Info: Hyper index ON on input line 6084.
Package hyperref Info: backreferencing OFF on input line 6091.
Package hyperref Info: Link coloring ON on input line 6094.
Package hyperref Info: Link coloring with OCG OFF on input line 6101.
Package hyperref Info: PDF/A mode ON on input line 6104.
LaTeX Info: Redefining \ref on input line 6146.
LaTeX Info: Redefining \pageref on input line 6150.

(/usr/share/texlive/texmf-dist/tex/latex/base/atbegshi-ltx.sty
Package: atbegshi-ltx 2021/01/10 v1.0c Emulation of the original atbegshi
package with kernel methods
)
\Hy@abspage=\count287
\c@Item=\count288
\c@Hfootnote=\count289
)
Package hyperref Info: Driver: hpdftex.

(/usr/share/texlive/texmf-dist/tex/latex/hyperref/hpdftex.def
File: hpdftex.def 2021-06-07 v7.00m Hyperref driver for pdfTeX

(/usr/share/texlive/texmf-dist/tex/latex/base/atveryend-ltx.sty
Package: atveryend-ltx 2020/08/19 v1.0a Emulation of the original atveryend pac
kage
with kernel methods
)
\Fld@listcount=\count290
\c@bookmark@seq@number=\count291

(/usr/share/texlive/texmf-dist/tex/latex/rerunfilecheck/rerunfilecheck.sty
Package: rerunfilecheck 2019/12/05 v1.9 Rerun checks for auxiliary files (HO)

(/usr/share/texlive/texmf-dist/tex/generic/uniquecounter/uniquecounter.sty
Package: uniquecounter 2019/12/15 v1.4 Provide unlimited unique counter (HO)
)
Package uniquecounter Info: New unique counter `rerunfilecheck' on input line 2
86.
)
\Hy@SectionHShift=\skip69
)
(/usr/share/texlive/texmf-dist/tex/latex/xcolor/xcolor.sty
Package: xcolor 2021/10/31 v2.13 LaTeX color extensions (UK)

(/usr/share/texlive/texmf-dist/tex/latex/graphics-cfg/color.cfg
File: color.cfg 2016/01/02 v1.6 sample color configuration
)
Package xcolor Info: Driver file: pdftex.def on input line 227.
Package xcolor Info: Model `cmy' substituted by `cmy0' on input line 1352.
Package xcolor Info: Model `hsb' substituted by `rgb' on input line 1356.
Package xcolor Info: Model `RGB' extended on input line 1368.
Package xcolor Info: Model `HTML' substituted by `rgb' on input line 1370.
Package xcolor Info: Model `Hsb' substituted by `hsb' on input line 1371.
Package xcolor Info: Model `tHsb' substituted by `hsb' on input line 1372.
Package xcolor Info: Model `HSB' substituted by `hsb' on input line 1373.
Package xcolor Info: Model `Gray' substituted by `gray' on input line 1374.
Package xcolor Info: Model `wave' substituted by `hsb' on input line 1375.

(/usr/share/texlive/texmf-dist/tex/latex/graphics/dvipsnam.def
File: dvipsnam.def 2016/06/17 v3.0m Driver-dependent file (DPC,SPQR)
))
(/usr/share/texlive/texmf-dist/tex/latex/cleveref/cleveref.sty
Package: cleveref 2018/03/27 v0.21.4 Intelligent cross-referencing
Package cleveref Info: `hyperref' support loaded on input line 2370.
LaTeX Info: Redefining \cref on input line 2370.
LaTeX Info: Redefining \Cref on input line 2370.
LaTeX Info: Redefining \crefrange on input line 2370.
LaTeX Info: Redefining \Crefrange on input line 2370.
LaTeX Info: Redefining \cpageref on input line 2370.
LaTeX Info: Redefining \Cpageref on input line 2370.
LaTeX Info: Redefining \cpagerefrange on input line 2370.
LaTeX Info: Redefining \Cpagerefrange on input line 2370.
LaTeX Info: Redefining \labelcref on input line 2370.
LaTeX Info: Redefining \labelcpageref on input line 2370.
Package cleveref Info: `amsthm' support loaded on input line 3026.
Package cleveref Info: always capitalise cross-reference names on input line 78
25.
Package cleveref Info: include cross-reference names in hyperlinks on input lin
e 7836.
Package cleveref Info: always capitalise cross-reference names on input line 78
52.
Package cleveref Info: no abbreviation of names on input line 7852.
Package cleveref Info: include cross-reference names in hyperlinks on input lin
e 7852.
)
(/usr/share/texlive/texmf-dist/tex/latex/float/float.sty
Package: float 2001/11/08 v1.3d Float enhancements (AL)
\c@float@type=\count292
\float@exts=\toks31
\float@box=\box54
\@float@everytoks=\toks32
\@floatcapt=\box55
)
\@float@every@figure=\toks33

(/usr/share/texlive/texmf-dist/tex/latex/pgf/frontendlayer/tikz.sty
(/usr/share/texlive/texmf-dist/tex/latex/pgf/basiclayer/pgf.sty
(/usr/share/texlive/texmf-dist/tex/latex/pgf/utilities/pgfrcs.sty
(/usr/share/texlive/texmf-dist/tex/generic/pgf/utilities/pgfutil-common.tex
\pgfutil@everybye=\toks34
\pgfutil@tempdima=\dimen175
\pgfutil@tempdimb=\dimen176

(/usr/share/texlive/texmf-dist/tex/generic/pgf/utilities/pgfutil-common-lists.t
ex)) (/usr/share/texlive/texmf-dist/tex/generic/pgf/utilities/pgfutil-latex.def
\pgfutil@abb=\box56
) (/usr/share/texlive/texmf-dist/tex/generic/pgf/utilities/pgfrcs.code.tex
(/usr/share/texlive/texmf-dist/tex/generic/pgf/pgf.revision.tex)
Package: pgfrcs 2021/05/15 v3.1.9a (3.1.9a)
))
Package: pgf 2021/05/15 v3.1.9a (3.1.9a)

(/usr/share/texlive/texmf-dist/tex/latex/pgf/basiclayer/pgfcore.sty
(/usr/share/texlive/texmf-dist/tex/latex/graphics/graphicx.sty
Package: graphicx 2021/09/16 v1.2d Enhanced LaTeX Graphics (DPC,SPQR)
\Gin@req@height=\dimen177
\Gin@req@width=\dimen178
)
(/usr/share/texlive/texmf-dist/tex/latex/pgf/systemlayer/pgfsys.sty
(/usr/share/texlive/texmf-dist/tex/generic/pgf/systemlayer/pgfsys.code.tex
Package: pgfsys 2021/05/15 v3.1.9a (3.1.9a)

(/usr/share/texlive/texmf-dist/tex/generic/pgf/utilities/pgfkeys.code.tex
\pgfkeys@pathtoks=\toks35
\pgfkeys@temptoks=\toks36

(/usr/share/texlive/texmf-dist/tex/generic/pgf/utilities/pgfkeysfiltered.code.t
ex
\pgfkeys@tmptoks=\toks37
))
\pgf@x=\dimen179
\pgf@y=\dimen180
\pgf@xa=\dimen181
\pgf@ya=\dimen182
\pgf@xb=\dimen183
\pgf@yb=\dimen184
\pgf@xc=\dimen185
\pgf@yc=\dimen186
\pgf@xd=\dimen187
\pgf@yd=\dimen188
\w@pgf@writea=\write3
\r@pgf@reada=\read2
\c@pgf@counta=\count293
\c@pgf@countb=\count294
\c@pgf@countc=\count295
\c@pgf@countd=\count296
\t@pgf@toka=\toks38
\t@pgf@tokb=\toks39
\t@pgf@tokc=\toks40
\pgf@sys@id@count=\count297
 (/usr/share/texlive/texmf-dist/tex/generic/pgf/systemlayer/pgf.cfg
File: pgf.cfg 2021/05/15 v3.1.9a (3.1.9a)
)
Driver file for pgf: pgfsys-pdftex.def

(/usr/share/texlive/texmf-dist/tex/generic/pgf/systemlayer/pgfsys-pdftex.def
File: pgfsys-pdftex.def 2021/05/15 v3.1.9a (3.1.9a)

(/usr/share/texlive/texmf-dist/tex/generic/pgf/systemlayer/pgfsys-common-pdf.de
f
File: pgfsys-common-pdf.def 2021/05/15 v3.1.9a (3.1.9a)
)))
(/usr/share/texlive/texmf-dist/tex/generic/pgf/systemlayer/pgfsyssoftpath.code.
tex
File: pgfsyssoftpath.code.tex 2021/05/15 v3.1.9a (3.1.9a)
\pgfsyssoftpath@smallbuffer@items=\count298
\pgfsyssoftpath@bigbuffer@items=\count299
)
(/usr/share/texlive/texmf-dist/tex/generic/pgf/systemlayer/pgfsysprotocol.code.
tex
File: pgfsysprotocol.code.tex 2021/05/15 v3.1.9a (3.1.9a)
))
(/usr/share/texlive/texmf-dist/tex/generic/pgf/basiclayer/pgfcore.code.tex
Package: pgfcore 2021/05/15 v3.1.9a (3.1.9a)

(/usr/share/texlive/texmf-dist/tex/generic/pgf/math/pgfmath.code.tex
(/usr/share/texlive/texmf-dist/tex/generic/pgf/math/pgfmathcalc.code.tex
(/usr/share/texlive/texmf-dist/tex/generic/pgf/math/pgfmathutil.code.tex)
(/usr/share/texlive/texmf-dist/tex/generic/pgf/math/pgfmathparser.code.tex
\pgfmath@dimen=\dimen189
\pgfmath@count=\count300
\pgfmath@box=\box57
\pgfmath@toks=\toks41
\pgfmath@stack@operand=\toks42
\pgfmath@stack@operation=\toks43
)
(/usr/share/texlive/texmf-dist/tex/generic/pgf/math/pgfmathfunctions.code.tex
(/usr/share/texlive/texmf-dist/tex/generic/pgf/math/pgfmathfunctions.basic.code
.tex)
(/usr/share/texlive/texmf-dist/tex/generic/pgf/math/pgfmathfunctions.trigonomet
ric.code.tex)
(/usr/share/texlive/texmf-dist/tex/generic/pgf/math/pgfmathfunctions.random.cod
e.tex)
(/usr/share/texlive/texmf-dist/tex/generic/pgf/math/pgfmathfunctions.comparison
.code.tex)
(/usr/share/texlive/texmf-dist/tex/generic/pgf/math/pgfmathfunctions.base.code.
tex)
(/usr/share/texlive/texmf-dist/tex/generic/pgf/math/pgfmathfunctions.round.code
.tex)
(/usr/share/texlive/texmf-dist/tex/generic/pgf/math/pgfmathfunctions.misc.code.
tex)
(/usr/share/texlive/texmf-dist/tex/generic/pgf/math/pgfmathfunctions.integerari
thmetics.code.tex)))
(/usr/share/texlive/texmf-dist/tex/generic/pgf/math/pgfmathfloat.code.tex
\c@pgfmathroundto@lastzeros=\count301
))
(/usr/share/texlive/texmf-dist/tex/generic/pgf/math/pgfint.code.tex)
(/usr/share/texlive/texmf-dist/tex/generic/pgf/basiclayer/pgfcorepoints.code.te
x
File: pgfcorepoints.code.tex 2021/05/15 v3.1.9a (3.1.9a)
\pgf@picminx=\dimen190
\pgf@picmaxx=\dimen191
\pgf@picminy=\dimen192
\pgf@picmaxy=\dimen193
\pgf@pathminx=\dimen194
\pgf@pathmaxx=\dimen195
\pgf@pathminy=\dimen196
\pgf@pathmaxy=\dimen197
\pgf@xx=\dimen198
\pgf@xy=\dimen199
\pgf@yx=\dimen256
\pgf@yy=\dimen257
\pgf@zx=\dimen258
\pgf@zy=\dimen259
)
(/usr/share/texlive/texmf-dist/tex/generic/pgf/basiclayer/pgfcorepathconstruct.
code.tex
File: pgfcorepathconstruct.code.tex 2021/05/15 v3.1.9a (3.1.9a)
\pgf@path@lastx=\dimen260
\pgf@path@lasty=\dimen261
)
(/usr/share/texlive/texmf-dist/tex/generic/pgf/basiclayer/pgfcorepathusage.code
.tex
File: pgfcorepathusage.code.tex 2021/05/15 v3.1.9a (3.1.9a)
\pgf@shorten@end@additional=\dimen262
\pgf@shorten@start@additional=\dimen263
)
(/usr/share/texlive/texmf-dist/tex/generic/pgf/basiclayer/pgfcorescopes.code.te
x
File: pgfcorescopes.code.tex 2021/05/15 v3.1.9a (3.1.9a)
\pgfpic=\box58
\pgf@hbox=\box59
\pgf@layerbox@main=\box60
\pgf@picture@serial@count=\count302
)
(/usr/share/texlive/texmf-dist/tex/generic/pgf/basiclayer/pgfcoregraphicstate.c
ode.tex
File: pgfcoregraphicstate.code.tex 2021/05/15 v3.1.9a (3.1.9a)
\pgflinewidth=\dimen264
)
(/usr/share/texlive/texmf-dist/tex/generic/pgf/basiclayer/pgfcoretransformation
s.code.tex
File: pgfcoretransformations.code.tex 2021/05/15 v3.1.9a (3.1.9a)
\pgf@pt@x=\dimen265
\pgf@pt@y=\dimen266
\pgf@pt@temp=\dimen267
)
(/usr/share/texlive/texmf-dist/tex/generic/pgf/basiclayer/pgfcorequick.code.tex
File: pgfcorequick.code.tex 2021/05/15 v3.1.9a (3.1.9a)
)
(/usr/share/texlive/texmf-dist/tex/generic/pgf/basiclayer/pgfcoreobjects.code.t
ex
File: pgfcoreobjects.code.tex 2021/05/15 v3.1.9a (3.1.9a)
)
(/usr/share/texlive/texmf-dist/tex/generic/pgf/basiclayer/pgfcorepathprocessing
.code.tex
File: pgfcorepathprocessing.code.tex 2021/05/15 v3.1.9a (3.1.9a)
)
(/usr/share/texlive/texmf-dist/tex/generic/pgf/basiclayer/pgfcorearrows.code.te
x
File: pgfcorearrows.code.tex 2021/05/15 v3.1.9a (3.1.9a)
\pgfarrowsep=\dimen268
)
(/usr/share/texlive/texmf-dist/tex/generic/pgf/basiclayer/pgfcoreshade.code.tex
File: pgfcoreshade.code.tex 2021/05/15 v3.1.9a (3.1.9a)
\pgf@max=\dimen269
\pgf@sys@shading@range@num=\count303
\pgf@shadingcount=\count304
)
(/usr/share/texlive/texmf-dist/tex/generic/pgf/basiclayer/pgfcoreimage.code.tex
File: pgfcoreimage.code.tex 2021/05/15 v3.1.9a (3.1.9a)

(/usr/share/texlive/texmf-dist/tex/generic/pgf/basiclayer/pgfcoreexternal.code.
tex
File: pgfcoreexternal.code.tex 2021/05/15 v3.1.9a (3.1.9a)
\pgfexternal@startupbox=\box61
))
(/usr/share/texlive/texmf-dist/tex/generic/pgf/basiclayer/pgfcorelayers.code.te
x
File: pgfcorelayers.code.tex 2021/05/15 v3.1.9a (3.1.9a)
)
(/usr/share/texlive/texmf-dist/tex/generic/pgf/basiclayer/pgfcoretransparency.c
ode.tex
File: pgfcoretransparency.code.tex 2021/05/15 v3.1.9a (3.1.9a)
)
(/usr/share/texlive/texmf-dist/tex/generic/pgf/basiclayer/pgfcorepatterns.code.
tex
File: pgfcorepatterns.code.tex 2021/05/15 v3.1.9a (3.1.9a)
)
(/usr/share/texlive/texmf-dist/tex/generic/pgf/basiclayer/pgfcorerdf.code.tex
File: pgfcorerdf.code.tex 2021/05/15 v3.1.9a (3.1.9a)
)))
(/usr/share/texlive/texmf-dist/tex/generic/pgf/modules/pgfmoduleshapes.code.tex
File: pgfmoduleshapes.code.tex 2021/05/15 v3.1.9a (3.1.9a)
\pgfnodeparttextbox=\box62
) (/usr/share/texlive/texmf-dist/tex/generic/pgf/modules/pgfmoduleplot.code.tex
File: pgfmoduleplot.code.tex 2021/05/15 v3.1.9a (3.1.9a)
)
(/usr/share/texlive/texmf-dist/tex/latex/pgf/compatibility/pgfcomp-version-0-65
.sty
Package: pgfcomp-version-0-65 2021/05/15 v3.1.9a (3.1.9a)
\pgf@nodesepstart=\dimen270
\pgf@nodesepend=\dimen271
)
(/usr/share/texlive/texmf-dist/tex/latex/pgf/compatibility/pgfcomp-version-1-18
.sty
Package: pgfcomp-version-1-18 2021/05/15 v3.1.9a (3.1.9a)
)) (/usr/share/texlive/texmf-dist/tex/latex/pgf/utilities/pgffor.sty
(/usr/share/texlive/texmf-dist/tex/latex/pgf/utilities/pgfkeys.sty
(/usr/share/texlive/texmf-dist/tex/generic/pgf/utilities/pgfkeys.code.tex))
(/usr/share/texlive/texmf-dist/tex/latex/pgf/math/pgfmath.sty
(/usr/share/texlive/texmf-dist/tex/generic/pgf/math/pgfmath.code.tex))
(/usr/share/texlive/texmf-dist/tex/generic/pgf/utilities/pgffor.code.tex
Package: pgffor 2021/05/15 v3.1.9a (3.1.9a)

(/usr/share/texlive/texmf-dist/tex/generic/pgf/math/pgfmath.code.tex)
\pgffor@iter=\dimen272
\pgffor@skip=\dimen273
\pgffor@stack=\toks44
\pgffor@toks=\toks45
))
(/usr/share/texlive/texmf-dist/tex/generic/pgf/frontendlayer/tikz/tikz.code.tex
Package: tikz 2021/05/15 v3.1.9a (3.1.9a)

(/usr/share/texlive/texmf-dist/tex/generic/pgf/libraries/pgflibraryplothandlers
.code.tex
File: pgflibraryplothandlers.code.tex 2021/05/15 v3.1.9a (3.1.9a)
\pgf@plot@mark@count=\count305
\pgfplotmarksize=\dimen274
)
\tikz@lastx=\dimen275
\tikz@lasty=\dimen276
\tikz@lastxsaved=\dimen277
\tikz@lastysaved=\dimen278
\tikz@lastmovetox=\dimen279
\tikz@lastmovetoy=\dimen280
\tikzleveldistance=\dimen281
\tikzsiblingdistance=\dimen282
\tikz@figbox=\box63
\tikz@figbox@bg=\box64
\tikz@tempbox=\box65
\tikz@tempbox@bg=\box66
\tikztreelevel=\count306
\tikznumberofchildren=\count307
\tikznumberofcurrentchild=\count308
\tikz@fig@count=\count309

(/usr/share/texlive/texmf-dist/tex/generic/pgf/modules/pgfmodulematrix.code.tex
File: pgfmodulematrix.code.tex 2021/05/15 v3.1.9a (3.1.9a)
\pgfmatrixcurrentrow=\count310
\pgfmatrixcurrentcolumn=\count311
\pgf@matrix@numberofcolumns=\count312
)
\tikz@expandcount=\count313

(/usr/share/texlive/texmf-dist/tex/generic/pgf/frontendlayer/tikz/libraries/tik
zlibrarytopaths.code.tex
File: tikzlibrarytopaths.code.tex 2021/05/15 v3.1.9a (3.1.9a)
)))
(/usr/share/texlive/texmf-dist/tex/latex/booktabs/booktabs.sty
Package: booktabs 2020/01/12 v1.61803398 Publication quality tables
\heavyrulewidth=\dimen283
\lightrulewidth=\dimen284
\cmidrulewidth=\dimen285
\belowrulesep=\dimen286
\belowbottomsep=\dimen287
\aboverulesep=\dimen288
\abovetopsep=\dimen289
\cmidrulesep=\dimen290
\cmidrulekern=\dimen291
\defaultaddspace=\dimen292
\@cmidla=\count314
\@cmidlb=\count315
\@aboverulesep=\dimen293
\@belowrulesep=\dimen294
\@thisruleclass=\count316
\@lastruleclass=\count317
\@thisrulewidth=\dimen295
)
(/usr/share/texlive/texmf-dist/tex/latex/tools/enumerate.sty
Package: enumerate 2015/07/23 v3.00 enumerate extensions (DPC)
\@enLab=\toks46
)
(/usr/share/texlive/texmf-dist/tex/latex/listings/listings.sty
\lst@mode=\count318
\lst@gtempboxa=\box67
\lst@token=\toks47
\lst@length=\count319
\lst@currlwidth=\dimen296
\lst@column=\count320
\lst@pos=\count321
\lst@lostspace=\dimen297
\lst@width=\dimen298
\lst@newlines=\count322
\lst@lineno=\count323
\lst@maxwidth=\dimen299

(/usr/share/texlive/texmf-dist/tex/latex/listings/lstmisc.sty
File: lstmisc.sty 2020/03/24 1.8d (Carsten Heinz)
\c@lstnumber=\count324
\lst@skipnumbers=\count325
\lst@framebox=\box68
)
(/usr/share/texlive/texmf-dist/tex/latex/listings/listings.cfg
File: listings.cfg 2020/03/24 1.8d listings configuration
))
Package: listings 2020/03/24 1.8d (Carsten Heinz)

(/usr/share/texlive/texmf-dist/tex/latex/semantic/semantic.sty
Package: semantic 2003/10/28 v2.0(epsilon) 

Semantic Package v2.0(epsilon) [2003/10/28]
CVSId: $Id: semantic.dtx,v 1.11 2003/10/28 13:45:57 turtle Exp $
\c@@@conflict=\count326
Loading features: 
(/usr/share/texlive/texmf-dist/tex/latex/semantic/ligature.sty
\@pushedtoks=\toks48
\@seentoks=\toks49
)
 math mode ligatures,
(/usr/share/texlive/texmf-dist/tex/latex/semantic/infernce.sty
\@@tempa=\toks50
\@@tempb=\toks51
\@@pSpace=\skip70
\@@pEnd=\skip71
\@@nSpace=\skip72
\@@aLineBox=\box69
)
 inference rules,
(/usr/share/texlive/texmf-dist/tex/latex/semantic/tdiagram.sty
\@@xShift=\count327
\@@yShift=\count328
\@@symbol=\toks52
\@@tempSymbol=\toks53
)  T diagrams,
(/usr/share/texlive/texmf-dist/tex/latex/semantic/reserved.sty
\@@spacing=\toks54
\@@formating=\toks55
)
 reserved words, (/usr/share/texlive/texmf-dist/tex/latex/semantic/shrthand.sty
)  short hands,
and general definitions.

\@@maxwidth=\dimen300
\@@pLineBox=\box70
\@@cBox=\box71
\@@pBox=\box72
) (/usr/share/texlive/texmf-dist/tex/latex/tocloft/tocloft.sty
Package: tocloft 2017/08/31 v2.3i parameterised ToC, etc., typesetting
Package tocloft Info: The document has section divisions on input line 51.
\cftparskip=\skip73
\cftbeforetoctitleskip=\skip74
\cftaftertoctitleskip=\skip75
\cftbeforepartskip=\skip76
\cftpartnumwidth=\skip77
\cftpartindent=\skip78
\cftbeforesecskip=\skip79
\cftsecindent=\skip80
\cftsecnumwidth=\skip81
\cftbeforesubsecskip=\skip82
\cftsubsecindent=\skip83
\cftsubsecnumwidth=\skip84
\cftbeforesubsubsecskip=\skip85
\cftsubsubsecindent=\skip86
\cftsubsubsecnumwidth=\skip87
\cftbeforeparaskip=\skip88
\cftparaindent=\skip89
\cftparanumwidth=\skip90
\cftbeforesubparaskip=\skip91
\cftsubparaindent=\skip92
\cftsubparanumwidth=\skip93
\cftbeforeloftitleskip=\skip94
\cftafterloftitleskip=\skip95
\cftbeforefigskip=\skip96
\cftfigindent=\skip97
\cftfignumwidth=\skip98
\c@lofdepth=\count329
\c@lotdepth=\count330
\cftbeforelottitleskip=\skip99
\cftafterlottitleskip=\skip100
\cftbeforetabskip=\skip101
\cfttabindent=\skip102
\cfttabnumwidth=\skip103
)
\c@definition=\count331
\c@property=\count332
LaTeX Font Info:    Trying to load font information for OT1+ppl on input line 3
45.

(/usr/share/texlive/texmf-dist/tex/latex/psnfss/ot1ppl.fd
File: ot1ppl.fd 2001/06/04 font definitions for OT1/ppl.
)
(/usr/share/texlive/texmf-dist/tex/latex/l3backend/l3backend-pdftex.def
File: l3backend-pdftex.def 2022-01-12 L3 backend support: PDF output (pdfTeX)
\l__color_backend_stack_int=\count333
\l__pdf_internal_box=\box73
)

LaTeX Warning: Unused global option(s):
    [twosided].

(./shelley-ledger.aux)
\openout1 = `shelley-ledger.aux'.

LaTeX Font Info:    Checking defaults for OML/cmm/m/it on input line 345.
LaTeX Font Info:    ... okay on input line 345.
LaTeX Font Info:    Checking defaults for OMS/cmsy/m/n on input line 345.
LaTeX Font Info:    ... okay on input line 345.
LaTeX Font Info:    Checking defaults for OT1/cmr/m/n on input line 345.
LaTeX Font Info:    ... okay on input line 345.
LaTeX Font Info:    Checking defaults for T1/cmr/m/n on input line 345.
LaTeX Font Info:    ... okay on input line 345.
LaTeX Font Info:    Checking defaults for TS1/cmr/m/n on input line 345.
LaTeX Font Info:    ... okay on input line 345.
LaTeX Font Info:    Checking defaults for OMX/cmex/m/n on input line 345.
LaTeX Font Info:    ... okay on input line 345.
LaTeX Font Info:    Checking defaults for U/cmr/m/n on input line 345.
LaTeX Font Info:    ... okay on input line 345.
LaTeX Font Info:    Checking defaults for PD1/pdf/m/n on input line 345.
LaTeX Font Info:    ... okay on input line 345.
LaTeX Font Info:    Checking defaults for PU/pdf/m/n on input line 345.
LaTeX Font Info:    ... okay on input line 345.
<iohk-share-logo.jpg, id=4, 301.125pt x 80.3pt>
File: iohk-share-logo.jpg Graphic file (type jpg)
<use iohk-share-logo.jpg>
Package pdftex.def Info: iohk-share-logo.jpg  used on input line 345.
(pdftex.def)             Requested size: 170.71652pt x 45.5264pt.
LaTeX Font Info:    Trying to load font information for OML+zplm on input line 
345.

(/usr/share/texlive/texmf-dist/tex/latex/psnfss/omlzplm.fd
File: omlzplm.fd 2002/09/08 Fontinst v1.914 font definitions for OML/zplm.
)
LaTeX Font Info:    Trying to load font information for OMS+zplm on input line 
345.

(/usr/share/texlive/texmf-dist/tex/latex/psnfss/omszplm.fd
File: omszplm.fd 2002/09/08 Fontinst v1.914 font definitions for OMS/zplm.
)
LaTeX Font Info:    Trying to load font information for OMX+zplm on input line 
345.

(/usr/share/texlive/texmf-dist/tex/latex/psnfss/omxzplm.fd
File: omxzplm.fd 2002/09/08 Fontinst v1.914 font definitions for OMX/zplm.
)
LaTeX Font Info:    Trying to load font information for U+msa on input line 345
.

(/usr/share/texlive/texmf-dist/tex/latex/amsfonts/umsa.fd
File: umsa.fd 2013/01/14 v3.01 AMS symbols A
)
LaTeX Font Info:    Trying to load font information for U+msb on input line 345
.

(/usr/share/texlive/texmf-dist/tex/latex/amsfonts/umsb.fd
File: umsb.fd 2013/01/14 v3.01 AMS symbols B
)
LaTeX Font Info:    Trying to load font information for U+stmry on input line 3
45.

(/usr/share/texlive/texmf-dist/tex/latex/stmaryrd/Ustmry.fd)
LaTeX Font Info:    Trying to load font information for OT1+zplm on input line 
345.

(/usr/share/texlive/texmf-dist/tex/latex/psnfss/ot1zplm.fd
File: ot1zplm.fd 2002/09/08 Fontinst v1.914 font definitions for OT1/zplm.
)
LaTeX Font Info:    Trying to load font information for U+lasy on input line 34
5.

(/usr/share/texlive/texmf-dist/tex/latex/base/ulasy.fd
File: ulasy.fd 1998/08/17 v2.2e LaTeX symbol font definitions
)
LaTeX Font Info:    Trying to load font information for T1+ptm on input line 34
5.

(/usr/share/texlive/texmf-dist/tex/latex/psnfss/t1ptm.fd
File: t1ptm.fd 2001/06/04 font definitions for T1/ptm.
)
LaTeX Font Info:    Trying to load font information for T1+cmtt on input line 3
45.

(/usr/share/texlive/texmf-dist/tex/latex/base/t1cmtt.fd
File: t1cmtt.fd 2019/12/16 v2.5j Standard LaTeX font definitions
)
LaTeX Font Info:    Trying to load font information for T1+ppl on input line 34
5.

(/usr/share/texlive/texmf-dist/tex/latex/psnfss/t1ppl.fd
File: t1ppl.fd 2001/06/04 font definitions for T1/ppl.
)
\@msize=\dimen301

Overfull \hbox (2.17998pt too wide) in paragraph at lines 345--345
[]$[]$| 
 []


Underfull \hbox (badness 10000) in paragraph at lines 345--345

 []

[1{/var/lib/texmf/fonts/map/pdftex/updmap/pdftex.map} <./iohk-share-logo.jpg>]
*geometry* driver: auto-detecting
*geometry* detected driver: pdftex
*geometry* verbose mode - [ preamble ] result:
* driver: pdftex
* paper: a4paper
* layout: <same size as paper>
* layoutoffset:(h,v)=(0.0pt,0.0pt)
* modes: 
* h-part:(L,W,R)=(71.13188pt, 455.24411pt, 71.13188pt)
* v-part:(T,H,B)=(71.13188pt, 702.78308pt, 71.13188pt)
* \paperwidth=597.50787pt
* \paperheight=845.04684pt
* \textwidth=455.24411pt
* \textheight=702.78308pt
* \oddsidemargin=-1.1381pt
* \evensidemargin=-1.1381pt
* \topmargin=-38.1381pt
* \headheight=12.0pt
* \headsep=25.0pt
* \topskip=11.0pt
* \footskip=30.0pt
* \marginparwidth=50.0pt
* \marginparsep=10.0pt
* \columnsep=10.0pt
* \skip\footins=10.0pt plus 4.0pt minus 2.0pt
* \hoffset=0.0pt
* \voffset=0.0pt
* \mag=1000
* \@twocolumnfalse
* \@twosidefalse
* \@mparswitchfalse
* \@reversemarginfalse
* (1in=72.27pt=25.4mm, 1cm=28.453pt)

(/usr/share/texlive/texmf-dist/tex/context/base/mkii/supp-pdf.mkii
[Loading MPS to PDF converter (version 2006.09.02).]
\scratchcounter=\count334
\scratchdimen=\dimen302
\scratchbox=\box74
\nofMPsegments=\count335
\nofMParguments=\count336
\everyMPshowfont=\toks56
\MPscratchCnt=\count337
\MPscratchDim=\dimen303
\MPnumerator=\count338
\makeMPintoPDFobject=\count339
\everyMPtoPDFconversion=\toks57
) (/usr/share/texlive/texmf-dist/tex/latex/epstopdf-pkg/epstopdf-base.sty
Package: epstopdf-base 2020-01-24 v2.11 Base part for package epstopdf
Package epstopdf-base Info: Redefining graphics rule for `.eps' on input line 4
85.

(/usr/share/texlive/texmf-dist/tex/latex/latexconfig/epstopdf-sys.cfg
File: epstopdf-sys.cfg 2010/07/13 v1.3 Configuration of (r)epstopdf for TeX Liv
e
))
LaTeX Info: Redefining \microtypecontext on input line 345.
Package microtype Info: Applying patch `item' on input line 345.
Package microtype Info: Applying patch `toc' on input line 345.
Package microtype Info: Applying patch `eqnum' on input line 345.
Package microtype Info: Applying patch `footnote' on input line 345.
Package microtype Info: Generating PDF output.
Package microtype Info: Character protrusion enabled (level 2).
Package microtype Info: Using default protrusion set `alltext'.
Package microtype Info: Automatic font expansion enabled (level 2),
(microtype)             stretch: 20, shrink: 20, step: 1, non-selected.
Package microtype Info: Using default expansion set `alltext-nott'.
LaTeX Info: Redefining \showhyphens on input line 345.
Package microtype Info: No adjustment of tracking.
Package microtype Info: No adjustment of interword spacing.
Package microtype Info: No adjustment of character kerning.

(/usr/share/texlive/texmf-dist/tex/latex/microtype/mt-ppl.cfg
File: mt-ppl.cfg 2005/11/16 v1.6 microtype config. file: Palatino (RS)
)
Package hyperref Info: Link coloring ON on input line 345.

(/usr/share/texlive/texmf-dist/tex/latex/hyperref/nameref.sty
Package: nameref 2021-04-02 v2.47 Cross-referencing by name of section

(/usr/share/texlive/texmf-dist/tex/latex/refcount/refcount.sty
Package: refcount 2019/12/15 v3.6 Data extraction from label references (HO)
)
(/usr/share/texlive/texmf-dist/tex/generic/gettitlestring/gettitlestring.sty
Package: gettitlestring 2019/12/15 v1.6 Cleanup title references (HO)
)
\c@section@level=\count340
)
LaTeX Info: Redefining \ref on input line 345.
LaTeX Info: Redefining \pageref on input line 345.
LaTeX Info: Redefining \nameref on input line 345.
\@outlinefile=\write4
\openout4 = `shelley-ledger.out'.

\c@lstlisting=\count341

(./frontmatter.tex
Package hyperref Info: Option `breaklinks' set `true' on input line 12.


Package hyperref Warning: Option `bookmarks' has already been used,
(hyperref)                setting the option has no effect on input line 12.


Package hyperref Warning: Option `colorlinks' has already been used,
(hyperref)                setting the option has no effect on input line 12.

\tf@toc=\write5
\openout5 = `shelley-ledger.toc'.

\tf@lof=\write6
\openout6 = `shelley-ledger.lof'.

[1


] (/usr/share/texlive/texmf-dist/tex/latex/microtype/mt-msa.cfg
File: mt-msa.cfg 2006/02/04 v1.1 microtype config. file: AMS symbols (a) (RS)
)
(/usr/share/texlive/texmf-dist/tex/latex/microtype/mt-msb.cfg
File: mt-msb.cfg 2005/06/01 v1.0 microtype config. file: AMS symbols (b) (RS)
)
Package microtype Info: Loading generic protrusion settings for font family
(microtype)             `zplm' (encoding: OT1).
(microtype)             For optimal results, create family-specific settings.
(microtype)             See the microtype manual for details.

Overfull \hbox (4.71474pt too wide) in paragraph at lines 21--21
[]\OT1/ppl/m/n/10.95 (-20) 2019/10/08| 
 []


Underfull \hbox (badness 10000) in paragraph at lines 21--21
[]\OT1/ppl/m/n/10.95 (+20) Jared Cor-d-
 []


Underfull \hbox (badness 10000) in paragraph at lines 21--21
\OT1/ppl/m/n/10.95 (+20) uan, Polina
 []


Underfull \hbox (badness 10000) in paragraph at lines 21--21
\OT1/ppl/m/n/10.95 (+20) Vino-gradova
 []


Underfull \hbox (badness 10000) in paragraph at lines 21--21
\OT1/ppl/m/n/10.95 (+20) and Matthias
 []


Underfull \hbox (badness 10000) in paragraph at lines 21--21
[]\OT1/ppl/m/n/10.95 (+20) FM
 []


Overfull \hbox (4.71474pt too wide) in paragraph at lines 22--22
[]\OT1/ppl/m/n/10.95 (-20) 2019/10/08| 
 []


Underfull \hbox (badness 10000) in paragraph at lines 22--22
[]\OT1/ppl/m/n/10.95 (+20) FM
 []


Overfull \hbox (4.71474pt too wide) in paragraph at lines 27--27
[]\OT1/ppl/m/n/10.95 (-20) 2020/11/17| 
 []


Underfull \hbox (badness 10000) in paragraph at lines 27--27
[]\OT1/ppl/m/n/10.95 (+20) FM
 []


Overfull \hbox (4.71474pt too wide) in paragraph at lines 28--28
[]\OT1/ppl/m/n/10.95 (-20) 2021/05/17| 
 []


Underfull \hbox (badness 10000) in paragraph at lines 28--28
[]\OT1/ppl/m/n/10.95 (+20) FM
 []


Overfull \hbox (4.71474pt too wide) in paragraph at lines 32--32
[]\OT1/ppl/m/n/10.95 (-20) 2021/06/14| 
 []


Underfull \hbox (badness 10000) in paragraph at lines 32--32
[]\OT1/ppl/m/n/10.95 (+20) FM
 []


Overfull \hbox (4.71474pt too wide) in paragraph at lines 35--35
[]\OT1/ppl/m/n/10.95 (-20) 2021/06/17| 
 []


Underfull \hbox (badness 10000) in paragraph at lines 35--35
[]\OT1/ppl/m/n/10.95 (+20) FM
 []


Overfull \hbox (4.71474pt too wide) in paragraph at lines 37--37
[]\OT1/ppl/m/n/10.95 (-20) 2021/08/27| 
 []


Underfull \hbox (badness 10000) in paragraph at lines 37--37
[]\OT1/ppl/m/n/10.95 (+20) FM
 []


Overfull \hbox (4.71474pt too wide) in paragraph at lines 40--40
[]\OT1/ppl/m/n/10.95 (-20) 2021/10/08| 
 []


Underfull \hbox (badness 10000) in paragraph at lines 40--40
[]\OT1/ppl/m/n/10.95 (+20) FM
 []


Overfull \hbox (4.71474pt too wide) in paragraph at lines 41--41
[]\OT1/ppl/m/n/10.95 (-20) 2021/11/08| 
 []


Underfull \hbox (badness 10000) in paragraph at lines 41--41
[]\OT1/ppl/m/n/10.95 (+20) FM
 []


Overfull \hbox (4.71474pt too wide) in paragraph at lines 42--42
[]\OT1/ppl/m/n/10.95 (-20) 2021/12/13| 
 []


Underfull \hbox (badness 10000) in paragraph at lines 42--42
[]\OT1/ppl/m/n/10.95 (+20) FM
 []


Overfull \hbox (4.71474pt too wide) in paragraph at lines 43--43
[]\OT1/ppl/m/n/10.95 (-20) 2022/01/20| 
 []


Underfull \hbox (badness 10000) in paragraph at lines 43--43
[]\OT1/ppl/m/n/10.95 (+20) FM
 []


Overfull \hbox (4.71474pt too wide) in paragraph at lines 44--44
[]\OT1/ppl/m/n/10.95 (-20) 2022/01/26| 
 []


Underfull \hbox (badness 10000) in paragraph at lines 44--44
[]\OT1/ppl/m/n/10.95 (+20) FM
 []


Overfull \hbox (4.71474pt too wide) in paragraph at lines 45--45
[]\OT1/ppl/m/n/10.95 (-20) 2022/01/31| 
 []


Underfull \hbox (badness 10000) in paragraph at lines 45--45
[]\OT1/ppl/m/n/10.95 (+20) Jordan Mil-lar,
 []


Underfull \hbox (badness 10000) in paragraph at lines 45--45
[]\OT1/ppl/m/n/10.95 (+20) FM
 []


Overfull \hbox (4.71474pt too wide) in paragraph at lines 46--46
[]\OT1/ppl/m/n/10.95 (-20) 2022/08/25| 
 []


Underfull \hbox (badness 10000) in paragraph at lines 46--46
[]\OT1/ppl/m/n/10.95 (+20) FM
 []


Overfull \hbox (4.71474pt too wide) in paragraph at lines 47--47
[]\OT1/ppl/m/n/10.95 (-20) 2023/03/23| 
 []


Underfull \hbox (badness 10000) in paragraph at lines 47--47
[]\OT1/ppl/m/n/10.95 (+20) FM
 []


Overfull \hbox (21.32082pt too wide) in paragraph at lines 20--48
[] 
 []

[2


]
Package microtype Info: Loading generic protrusion settings for font family
(microtype)             `cmtt' (encoding: OT1).
(microtype)             For optimal results, create family-specific settings.
(microtype)             See the microtype manual for details.
)pdfTeX warning (ext4): destination with the same identifier (name{page.1}) has
 been already used, duplicate ignored
<to be read again> 
                   \relax 
l.349 \include{intro}
                      [1


]
\openout2 = `intro.aux'.

 (./intro.tex

LaTeX Warning: Citation `delegation_design' on page 2 undefined on input line 9
.

LaTeX Font Info:    Trying to load font information for TS1+ppl on input line 2
1.
(/usr/share/texlive/texmf-dist/tex/latex/psnfss/ts1ppl.fd
File: ts1ppl.fd 2001/06/04 font definitions for TS1/ppl.
)

LaTeX Warning: Citation `small_step_semantics' on page 2 undefined on input lin
e 46.

) [2

]
\openout2 = `notation.aux'.

 (./notation.tex

LaTeX Warning: Citation `small_step_semantics' on page 3 undefined on input lin
e 4.

Package microtype Info: Loading generic protrusion settings for font family
(microtype)             `cmss' (encoding: OT1).
(microtype)             For optimal results, create family-specific settings.
(microtype)             See the microtype manual for details.
LaTeX Font Info:    Trying to load font information for U+fplmbb on input line 
7.
(/usr/share/texlive/texmf-dist/tex/latex/psnfss/ufplmbb.fd
File: ufplmbb.fd 2003/10/30 Fontinst v1.914 font definitions for U/fplmbb.
)

LaTeX Warning: Reference `fig:notation:nonstandard' on page 3 undefined on inpu
t line 26.


LaTeX Warning: Reference `fig:notation:nonstandard' on page 3 undefined on inpu
t line 55.

[3



] [4])
\openout2 = `crypto-primitives.aux'.

 (./crypto-primitives.tex

LaTeX Warning: Reference `fig:crypto-defs-shelley' on page 5 undefined on input
 line 4.


LaTeX Warning: Reference `fig:kes-defs-shelley' on page 5 undefined on input li
ne 91.

[5




]

LaTeX Warning: Reference `fig:types-msig' on page 6 undefined on input line 150
.

[6]

LaTeX Warning: Reference `fig:defs-vrf' on page 7 undefined on input line 217.

[7] [8])
\openout2 = `address.aux'.

 (./address.tex

LaTeX Warning: Citation `delegation_design' on page 9 undefined on input line 4
.


LaTeX Warning: Reference `fig:defs:addresses' on page 9 undefined on input line
 5.


LaTeX Warning: Reference `sec:delegation-shelley' on page 9 undefined on input 
line 17.


LaTeX Warning: Reference `sec:utxo' on page 9 undefined on input line 30.


LaTeX Warning: Citation `delegation_design' on page 9 undefined on input line 3
4.


LaTeX Warning: Citation `delegation_design' on page 9 undefined on input line 5
6.


LaTeX Warning: Reference `sec:utxo' on page 9 undefined on input line 58.


LaTeX Warning: Citation `chimeric' on page 9 undefined on input line 59.


LaTeX Warning: Reference `sec:utxo' on page 9 undefined on input line 64.


LaTeX Warning: Reference `sec:epoch' on page 9 undefined on input line 64.

[9




] [10])
\openout2 = `protocol-parameters.aux'.

 (./protocol-parameters.tex

LaTeX Warning: Reference `fig:defs:protocol-parameters' on page 11 undefined on
 input line 7.


LaTeX Warning: Citation `byron_ledger_spec' on page 11 undefined on input line 
10.


LaTeX Warning: Reference `sec:update' on page 11 undefined on input line 20.


LaTeX Warning: Reference `fig:defs:protocol-parameters-helpers' on page 11 unde
fined on input line 26.


LaTeX Warning: Reference `sec:updatable-protocol-parameters' on page 11 undefin
ed on input line 140.


LaTeX Warning: Reference `sec:update' on page 11 undefined on input line 142.


LaTeX Warning: Reference `sec:software-updates' on page 11 undefined on input l
ine 145.


LaTeX Warning: Reference `sec:crypto-primitives-shelley' on page 11 undefined o
n input line 149.


LaTeX Warning: Reference `fig:funcs:chain-helper' on page 11 undefined on input
 line 166.


LaTeX Warning: Reference `fig:rules:chain' on page 11 undefined on input line 1
66.


LaTeX Warning: Citation `ouroboros_praos' on page 11 undefined on input line 17
5.

[11




]

LaTeX Warning: Citation `ouroboros_praos' on page 12 undefined on input line 19
1.


LaTeX Warning: Citation `ouroboros_praos' on page 12 undefined on input line 20
2.

[12] [13] [14])
\openout2 = `transactions.aux'.

 (./transactions.tex

LaTeX Warning: Reference `fig:defs:utxo-shelley' on page 15 undefined on input 
line 4.


LaTeX Warning: Reference `sec:delegation-shelley' on page 15 undefined on input
 line 14.


LaTeX Warning: Reference `sec:reward-overview' on page 15 undefined on input li
ne 22.


LaTeX Warning: Reference `sec:utxo-trans' on page 15 undefined on input line 23
.


LaTeX Warning: Reference `sec:update' on page 15 undefined on input line 25.


LaTeX Warning: Reference `fig:defs:functions-txins' on page 15 undefined on inp
ut line 188.

[15




] [16] [17])
\openout2 = `update.aux'.

 (./update.tex

LaTeX Warning: Reference `sec:pparam-update' on page 18 undefined on input line
 10.


LaTeX Warning: Reference `sec:witnesses-shelley' on page 18 undefined on input 
line 15.


LaTeX Warning: Reference `sec:byron-to-shelley' on page 18 undefined on input l
ine 26.


LaTeX Warning: Reference `sec:delegation-shelley' on page 18 undefined on input
 line 30.


LaTeX Warning: Reference `fig:defs:utxo-shelley' on page 18 undefined on input 
line 35.


LaTeX Warning: Reference `sec:new-epoch-trans' on page 18 undefined on input li
ne 53.


LaTeX Warning: Reference `fig:ts-types:pp-update' on page 18 undefined on input
 line 59.


LaTeX Warning: Reference `fig:rules:pp-update' on page 18 undefined on input li
ne 60.

[18




]

LaTeX Warning: Reference `fig:rules:new-proto-param' on page 19 undefined on in
put line 90.


LaTeX Warning: Reference `fig:ts-types:new-proto-param' on page 19 undefined on
 input line 91.


LaTeX Warning: Reference `fig:ts-types:pp-update' on page 19 undefined on input
 line 105.


Underfull \hbox (badness 10000) in paragraph at lines 191--192

 []


LaTeX Font Warning: Font shape `U/stmry/b/n' undefined
(Font)              using `U/stmry/m/n' instead on input line 227.

LaTeX Font Info:    Font shape `U/lasy/b/n' in size <8> not available
(Font)              Font shape `U/lasy/m/n' tried instead on input line 227.
LaTeX Font Info:    Font shape `U/lasy/b/n' in size <6> not available
(Font)              Font shape `U/lasy/m/n' tried instead on input line 227.

Underfull \hbox (badness 10000) in paragraph at lines 230--231

 []

[19] [20])
\openout2 = `utxo.aux'.

 (./utxo.tex

LaTeX Warning: Reference `fig:functions:utxo' on page 21 undefined on input lin
e 38.


LaTeX Warning: Reference `fig:defs:utxo-shelley' on page 21 undefined on input 
line 39.


LaTeX Warning: Reference `sec:deps-refunds' on page 21 undefined on input line 
59.


LaTeX Warning: Reference `fig:functions:deposits-refunds' on page 21 undefined 
on input line 60.


LaTeX Warning: Reference `sec:deps-refunds' on page 21 undefined on input line 
67.


LaTeX Warning: Reference `fig:functions:deposits-refunds' on page 21 undefined 
on input line 68.


LaTeX Warning: Reference `sec:delegation-shelley' on page 21 undefined on input
 line 79.

[21




] [22]

LaTeX Warning: Reference `fig:ts-types:utxo-shelley' on page 23 undefined on in
put line 121.


LaTeX Warning: Reference `sec:delegation-shelley' on page 23 undefined on input
 line 128.


LaTeX Warning: Reference `fig:delegation-defs' on page 23 undefined on input li
ne 129.


LaTeX Warning: Reference `sec:deps-refunds' on page 23 undefined on input line 
133.


LaTeX Warning: Reference `sec:update' on page 23 undefined on input line 141.


LaTeX Warning: Reference `fig:rules:utxo-shelley' on page 23 undefined on input
 line 183.


LaTeX Warning: Reference `eq:utxo-inductive-shelley' on page 23 undefined on in
put line 184.

[23

]

LaTeX Warning: Reference `eq:delegs-base' on page 24 undefined on input line 24
0.


LaTeX Warning: Reference `sec:witnesses-shelley' on page 24 undefined on input 
line 258.


LaTeX Warning: Hyper reference `fig:rules:pp-update' on page 24 undefined on in
put line 306.


LaTeX Warning: Hyper reference `fig:rules:pp-update' on page 24 undefined on in
put line 306.

[24] [25]

LaTeX Warning: Citation `delegation_design' on page 26 undefined on input line 
368.


LaTeX Warning: Reference `sec:utxo-trans' on page 26 undefined on input line 36
9.


LaTeX Warning: Reference `sec:delegation-shelley' on page 26 undefined on input
 line 371.


LaTeX Warning: Reference `fig:functions:deposits-refunds' on page 26 undefined 
on input line 373.

[26

]

LaTeX Warning: Reference `fig:functions-witnesses' on page 27 undefined on inpu
t line 435.


LaTeX Warning: Reference `fig:ts-types:utxow-shelley' on page 27 undefined on i
nput line 495.


LaTeX Warning: Reference `fig:rules:utxow-shelley' on page 27 undefined on inpu
t line 508.


LaTeX Warning: Hyper reference `fig:rules:utxo-shelley' on page 27 undefined on
 input line 569.


LaTeX Warning: Hyper reference `fig:rules:utxo-shelley' on page 27 undefined on
 input line 569.

[27

] [28] [29])
\openout2 = `delegation.aux'.

 (./delegation.tex

LaTeX Warning: Citation `delegation_design' on page 30 undefined on input line 
5.


LaTeX Warning: Reference `fig:delegation-defs' on page 1 undefined on input lin
e 44.

[30




]

LaTeX Warning: Citation `delegation_design' on page 31 undefined on input line 
71.


LaTeX Warning: Citation `delegation_design' on page 31 undefined on input line 
74.


LaTeX Warning: Citation `delegation_design' on page 31 undefined on input line 
77.

[31] [32]

LaTeX Warning: Reference `fig:delegation-transitions' on page 1 undefined on in
put line 202.


Overfull \hbox (7.15851pt too wide) in paragraph at lines 213--216
[]$[]$ \OT1/ppl/m/n/10.95 (-20) maps stake cre-den-tials to the po-si-tion of t
he reg-is-tra-tion cer-tifi-cate in the blockchain.
 []


LaTeX Warning: Reference `sec:chain' on page 33 undefined on input line 219.


LaTeX Warning: Citation `delegation_design' on page 33 undefined on input line 
244.


LaTeX Warning: Reference `sec:oper-cert-trans' on page 33 undefined on input li
ne 245.


Overfull \hbox (11.31946pt too wide) detected at line 294
[]
 []

[33

] [34]

LaTeX Warning: Reference `fig:delegation-rules' on page 1 undefined on input li
ne 341.


LaTeX Warning: Citation `delegation_design' on page 35 undefined on input line 
341.


LaTeX Warning: Reference `eq:deleg-reg' on page 1 undefined on input line 346.


LaTeX Warning: Reference `eq:deleg-dereg' on page 1 undefined on input line 361
.


LaTeX Warning: Reference `eq:deleg-deleg' on page 1 undefined on input line 372
.


LaTeX Warning: Reference `eq:deleg-gen' on page 1 undefined on input line 382.


LaTeX Warning: Reference `eq:deleg-mir' on page 1 undefined on input line 390.

[35

] [36] [37] [38]

LaTeX Warning: Reference `fig:pool-rules' on page 1 undefined on input line 682
.


LaTeX Warning: Reference `sec:stake-dist-calc' on page 39 undefined on input li
ne 683.


LaTeX Warning: Reference `eq:pool-reg' on page 1 undefined on input line 689.


LaTeX Warning: Reference `eq:pool-rereg' on page 1 undefined on input line 696.



LaTeX Warning: Reference `eq:pool-reg' on page 1 undefined on input line 698.


LaTeX Warning: Reference `fig:rules:epoch' on page 1 undefined on input line 70
5.


LaTeX Warning: Reference `eq:pool-ret' on page 1 undefined on input line 710.


LaTeX Warning: Reference `sec:epoch' on page 39 undefined on input line 724.

[39

] [40]

LaTeX Warning: Reference `fig:defs:delpl' on page 41 undefined on input line 86
8.

[41

]

LaTeX Warning: Reference `fig:rules:delpl' on page 42 undefined on input line 9
08.


LaTeX Warning: Reference `eq:delpl-d' on page 1 undefined on input line 910.


LaTeX Warning: Reference `eq:delpl-p' on page 1 undefined on input line 910.


LaTeX Warning: Hyper reference `fig:delegation-rules' on page 42 undefined on i
nput line 928.


LaTeX Warning: Hyper reference `fig:delegation-rules' on page 42 undefined on i
nput line 928.


LaTeX Warning: Hyper reference `fig:pool-rules' on page 42 undefined on input l
ine 964.


LaTeX Warning: Hyper reference `fig:pool-rules' on page 42 undefined on input l
ine 964.


LaTeX Warning: Reference `fig:rules:delpl' on page 42 undefined on input line 9
93.


LaTeX Warning: Reference `fig:type:delegations' on page 42 undefined on input l
ine 995.


LaTeX Warning: Reference `fig:rules:delegation-sequence' on page 42 undefined o
n input line 1022.


LaTeX Warning: Reference `eq:delegs-base' on page 1 undefined on input line 103
0.


LaTeX Warning: Reference `eq:delegs-induct' on page 1 undefined on input line 1
040.

[42

]
Underfull \hbox (badness 10000) in paragraph at lines 1117--1118

 []


LaTeX Warning: Hyper reference `fig:rules:delpl' on page 43 undefined on input 
line 1151.


LaTeX Warning: Hyper reference `fig:rules:delpl' on page 43 undefined on input 
line 1151.

[43])
\openout2 = `ledger.aux'.

 (./ledger.tex

LaTeX Warning: Reference `fig:ts-types:ledger' on page 44 undefined on input li
ne 7.


LaTeX Warning: Reference `fig:ts-types:ledger' on page 44 undefined on input li
ne 56.


LaTeX Warning: Hyper reference `fig:rules:delegation-sequence' on page 44 undef
ined on input line 91.


LaTeX Warning: Hyper reference `fig:rules:delegation-sequence' on page 44 undef
ined on input line 91.


LaTeX Warning: Hyper reference `fig:rules:utxow-shelley' on page 44 undefined o
n input line 91.


LaTeX Warning: Hyper reference `fig:rules:utxow-shelley' on page 44 undefined o
n input line 91.

[44




] [45]

LaTeX Warning: Reference `fig:rules:ledger' on page 46 undefined on input line 
121.


Underfull \hbox (badness 10000) in paragraph at lines 150--151

 []


LaTeX Warning: Hyper reference `fig:rules:ledger' on page 46 undefined on input
 line 180.


LaTeX Warning: Hyper reference `fig:rules:ledger' on page 46 undefined on input
 line 180.

) [46

]
\openout2 = `epoch.aux'.

 (./epoch.tex

LaTeX Warning: Reference `sec:total-epoch' on page 47 undefined on input line 3
3.


LaTeX Warning: Reference `sec:stake-dist-calc' on page 47 undefined on input li
ne 35.


LaTeX Warning: Reference `sec:snapshots' on page 47 undefined on input line 35.



LaTeX Warning: Reference `sec:pool-reap' on page 47 undefined on input line 36.



LaTeX Warning: Reference `sec:pparam-update' on page 47 undefined on input line
 37.


LaTeX Warning: Reference `sec:reward-dist' on page 47 undefined on input line 3
8.


LaTeX Warning: Reference `sec:reward-calc' on page 47 undefined on input line 3
8.


(/usr/share/texlive/texmf-dist/tex/generic/pgf/frontendlayer/tikz/libraries/tik
zlibrarydecorations.pathreplacing.code.tex
(/usr/share/texlive/texmf-dist/tex/generic/pgf/frontendlayer/tikz/libraries/tik
zlibrarydecorations.code.tex
(/usr/share/texlive/texmf-dist/tex/generic/pgf/modules/pgfmoduledecorations.cod
e.tex
\pgfdecoratedcompleteddistance=\dimen304
\pgfdecoratedremainingdistance=\dimen305
\pgfdecoratedinputsegmentcompleteddistance=\dimen306
\pgfdecoratedinputsegmentremainingdistance=\dimen307
\pgf@decorate@distancetomove=\dimen308
\pgf@decorate@repeatstate=\count342
\pgfdecorationsegmentamplitude=\dimen309
\pgfdecorationsegmentlength=\dimen310
)
\tikz@lib@dec@box=\box75
)
(/usr/share/texlive/texmf-dist/tex/generic/pgf/libraries/decorations/pgflibrary
decorations.pathreplacing.code.tex))

LaTeX Warning: Reference `sec:total-epoch' on page 47 undefined on input line 9
9.


LaTeX Warning: Reference `sec:reward-update-trans' on page 47 undefined on inpu
t line 102.


! LaTeX Error: Environment bclogo undefined.

See the LaTeX manual or LaTeX Companion for explanation.
Type  H <return>  for immediate help.
 ...                                              
                                                  
l.107 \begin{note}
                  
Your command was ignored.
Type  I <command> <return>  to replace it with another command,
or  <return>  to continue without it.

! Undefined control sequence.
\note ->\begin {bclogo}[logo=\bcattention 
                                          , couleur=orange!10, arrondi=0.2]{...
l.107 \begin{note}
                  
The control sequence at the end of the top line
of your error message was never \def'ed. If you have
misspelled it (e.g., `\hobx'), type `I' and the correct
spelling (e.g., `I\hbox'). Otherwise just continue,
and I'll forget about whatever was undefined.


! LaTeX Error: \begin{note} on input line 107 ended by \end{bclogo}.

See the LaTeX manual or LaTeX Companion for explanation.
Type  H <return>  for immediate help.
 ...                                              
                                                  
l.112 \end{note}
                
Your command was ignored.
Type  I <command> <return>  to replace it with another command,
or  <return>  to continue without it.

[47



]

LaTeX Warning: Reference `fig:funcs:epoch-helper-rewards' on page 48 undefined 
on input line 230.


LaTeX Warning: Reference `fig:defs:accounting' on page 48 undefined on input li
ne 267.


LaTeX Warning: Reference `sec:reward-calc' on page 48 undefined on input line 2
75.


LaTeX Warning: Reference `fig:epoch-defs' on page 48 undefined on input line 30
1.

[48]

LaTeX Warning: Reference `fig:functions:stake-distribution' on page 49 undefine
d on input line 331.


LaTeX Warning: Reference `sec:notation-shelley' on page 49 undefined on input l
ine 348.

[49] [50]

LaTeX Warning: Reference `fig:ts-types:snapshot' on page 51 undefined on input 
line 394.


LaTeX Warning: Reference `fig:epoch-defs' on page 51 undefined on input line 39
8.


LaTeX Warning: Reference `sec:reward-overview' on page 51 undefined on input li
ne 407.


LaTeX Warning: Reference `fig:rules:snapshot' on page 51 undefined on input lin
e 453.

[51

] [52]

LaTeX Warning: Reference `fig:ts-types:pool-reap' on page 53 undefined on input
 line 511.


LaTeX Warning: Reference `fig:rules:pool-reap' on page 53 undefined on input li
ne 542.


Overfull \hbox (7.35976pt too wide) detected at line 637
[][][][]
 []

[53

] [54]

LaTeX Warning: Reference `fig:ts-types:new-proto-param' on page 55 undefined on
 input line 651.


LaTeX Warning: Reference `fig:rules:new-proto-param' on page 55 undefined on in
put line 713.


Overfull \hbox (10.01147pt too wide) in paragraph at lines 723--731
[]\OT1/ppl/m/n/10.95 (-20) The $[]$ rule also cleans up the pro-to-col pa-ram-e
-ter up-date pro-pos-als, by call-ing $[]$
 []

[55

]

LaTeX Warning: Reference `eq:new-pc-denied' on page 56 undefined on input line 
744.


Underfull \hbox (badness 10000) in paragraph at lines 811--812

 []

[56] [57]

LaTeX Warning: Reference `fig:ts-types:epoch' on page 58 undefined on input lin
e 869.


LaTeX Warning: Hyper reference `fig:rules:snapshot' on page 58 undefined on inp
ut line 1020.


LaTeX Warning: Hyper reference `fig:rules:snapshot' on page 58 undefined on inp
ut line 1020.


LaTeX Warning: Hyper reference `fig:rules:pool-reap' on page 58 undefined on in
put line 1020.


LaTeX Warning: Hyper reference `fig:rules:pool-reap' on page 58 undefined on in
put line 1020.


LaTeX Warning: Hyper reference `fig:rules:new-proto-param' on page 58 undefined
 on input line 1020.


LaTeX Warning: Hyper reference `fig:rules:new-proto-param' on page 58 undefined
 on input line 1020.

[58

] [59]

LaTeX Warning: Reference `fig:functions:rewards' on page 60 undefined on input 
line 1054.


LaTeX Warning: Citation `delegation_design' on page 60 undefined on input line 
1055.


LaTeX Warning: Citation `delegation_design' on page 60 undefined on input line 
1077.


LaTeX Warning: Citation `delegation_design' on page 60 undefined on input line 
1096.

[60

]

LaTeX Warning: Reference `fig:functions:reward-splitting' on page 61 undefined 
on input line 1114.


LaTeX Warning: Citation `delegation_design' on page 61 undefined on input line 
1115.


LaTeX Warning: Citation `delegation_design' on page 61 undefined on input line 
1131.


LaTeX Warning: Citation `delegation_design' on page 61 undefined on input line 
1146.


LaTeX Warning: Reference `fig:functions:reward-calc' on page 61 undefined on in
put line 1166.

[61

] [62] [63]

LaTeX Warning: Reference `fig:fund-preservation' on page 64 undefined on input 
line 1283.


LaTeX Warning: Reference `fig:functions:reward-update-creation' on page 64 unde
fined on input line 1288.


LaTeX Warning: Reference `fig:defs:reward-update' on page 64 undefined on input
 line 1336.

[64

]

LaTeX Warning: Reference `fig:functions:reward-update-creation' on page 65 unde
fined on input line 1369.


LaTeX Warning: Citation `delegation_design' on page 65 undefined on input line 
1381.


LaTeX Warning: Reference `fig:rules:snapshot' on page 65 undefined on input lin
e 1387.


LaTeX Warning: Citation `delegation_design' on page 65 undefined on input line 
1390.


LaTeX Warning: Reference `sec:chain' on page 65 undefined on input line 1415.


LaTeX Warning: Reference `eq:reward-update' on page 65 undefined on input line 
1417.


LaTeX Warning: Reference `eq:new-epoch' on page 65 undefined on input line 1418
.

[65

] [66] [67])
\openout2 = `chain.aux'.

 (./chain.tex

LaTeX Warning: Reference `sec:epoch' on page 68 undefined on input line 6.

[68




] [69]

LaTeX Warning: Reference `fig:ts-types:mir' on page 70 undefined on input line 
127.


LaTeX Warning: Reference `fig:rules:mir' on page 70 undefined on input line 140
.


LaTeX Warning: Reference `fig:ts-types:newepoch' on page 70 undefined on input 
line 235.

[70

]

LaTeX Warning: Reference `fig:rules:new-epoch' on page 71 undefined on input li
ne 295.

[71]

LaTeX Warning: Hyper reference `fig:rules:mir' on page 72 undefined on input li
ne 356.


LaTeX Warning: Hyper reference `fig:rules:mir' on page 72 undefined on input li
ne 356.


LaTeX Warning: Hyper reference `fig:rules:epoch' on page 72 undefined on input 
line 356.


LaTeX Warning: Hyper reference `fig:rules:epoch' on page 72 undefined on input 
line 356.


Underfull \hbox (badness 10000) in paragraph at lines 379--380

 []


Underfull \hbox (badness 10000) in paragraph at lines 393--394

 []


LaTeX Warning: Hyper reference `fig:rules:mir' on page 72 undefined on input li
ne 421.


LaTeX Warning: Hyper reference `fig:rules:mir' on page 72 undefined on input li
ne 421.


LaTeX Warning: Hyper reference `fig:rules:epoch' on page 72 undefined on input 
line 421.


LaTeX Warning: Hyper reference `fig:rules:epoch' on page 72 undefined on input 
line 421.

[72]

LaTeX Warning: Reference `fig:ts-types:ticknonce' on page 73 undefined on input
 line 454.


Overfull \hbox (27.4937pt too wide) detected at line 481
[] \OT1/zplm/m/n/10.95 = []
 []


Underfull \hbox (badness 10000) in paragraph at lines 512--513

 []


LaTeX Warning: Reference `fig:ts-types:updnonce' on page 73 undefined on input 
line 546.


LaTeX Warning: Reference `fig:ts-types:updnonce' on page 73 undefined on input 
line 548.


LaTeX Warning: Reference `eq:update-both' on page 73 undefined on input line 59
1.


Underfull \hbox (badness 10000) in paragraph at lines 621--622

 []


LaTeX Warning: Reference `fig:ts-types:reward-update' on page 73 undefined on i
nput line 653.

[73

]

LaTeX Warning: Reference `fig:rules:reward-update' on page 74 undefined on inpu
t line 678.


LaTeX Warning: Reference `sec:errata:stability-windows' on page 74 undefined on
 input line 690.

[74]
Underfull \hbox (badness 10000) in paragraph at lines 718--719

 []


Underfull \hbox (badness 10000) in paragraph at lines 735--736

 []


LaTeX Warning: Reference `fig:rules:tick' on page 75 undefined on input line 82
7.


LaTeX Warning: Hyper reference `fig:rules:new-epoch' on page 75 undefined on in
put line 870.


LaTeX Warning: Hyper reference `fig:rules:new-epoch' on page 75 undefined on in
put line 870.


LaTeX Warning: Hyper reference `fig:rules:reward-update' on page 75 undefined o
n input line 870.


LaTeX Warning: Hyper reference `fig:rules:reward-update' on page 75 undefined o
n input line 870.

[75] [76]

LaTeX Warning: Reference `fig:rules:ocert' on page 77 undefined on input line 9
24.


LaTeX Warning: Citation `delegation_design' on page 77 undefined on input line 
944.

[77

]

LaTeX Warning: Reference `sec:leader-value-calc' on page 78 undefined on input 
line 1023.

[78] [79]

LaTeX Warning: Citation `delegation_design' on page 80 undefined on input line 
1086.


LaTeX Warning: Reference `fig:rules:overlay' on page 80 undefined on input line
 1096.


Overfull \hbox (36.49205pt too wide) in paragraph at lines 1094--1112
[]\OT1/ppl/m/n/10.95 (-20) The ac-tual over-lay sched-ule it-self it de-ter-min
ed by two func-tions, $[]$ and $[]$,
 []


LaTeX Warning: Reference `eq:decentralized' on page 80 undefined on input line 
1127.


LaTeX Warning: Reference `eq:active-pbft' on page 80 undefined on input line 11
44.


LaTeX Warning: Hyper reference `fig:rules:ocert' on page 80 undefined on input 
line 1228.


LaTeX Warning: Hyper reference `fig:rules:ocert' on page 80 undefined on input 
line 1228.


Underfull \hbox (badness 10000) in paragraph at lines 1243--1244

 []


LaTeX Warning: Hyper reference `fig:rules:ocert' on page 80 undefined on input 
line 1261.


LaTeX Warning: Hyper reference `fig:rules:ocert' on page 80 undefined on input 
line 1261.

[80

] [81] [82] [83]

LaTeX Warning: Hyper reference `fig:rules:update-nonce' on page 84 undefined on
 input line 1396.


LaTeX Warning: Hyper reference `fig:rules:update-nonce' on page 84 undefined on
 input line 1396.


LaTeX Warning: Hyper reference `fig:rules:overlay' on page 84 undefined on inpu
t line 1396.


LaTeX Warning: Hyper reference `fig:rules:overlay' on page 84 undefined on inpu
t line 1396.

[84

] [85]

LaTeX Warning: Reference `fig:ts-types:bbody' on page 86 undefined on input lin
e 1433.


LaTeX Warning: Reference `fig:rules:bbody' on page 86 undefined on input line 1
482.


LaTeX Warning: Hyper reference `fig:rules:ledger-sequence' on page 86 undefined
 on input line 1535.


LaTeX Warning: Hyper reference `fig:rules:ledger-sequence' on page 86 undefined
 on input line 1535.


Overfull \hbox (7.2642pt too wide) detected at line 1552
[][][][]
 []

[86

] [87]

LaTeX Warning: Reference `fig:funcs:chain-helper' on page 88 undefined on input
 line 1575.


LaTeX Warning: Reference `fig:rules:bbody' on page 88 undefined on input line 1
586.


LaTeX Warning: Reference `fig:ts-types:chain' on page 88 undefined on input lin
e 1593.


Overfull \hbox (74.94026pt too wide) detected at line 1634
[] \OT1/zplm/m/n/10.95 = []
 []


LaTeX Warning: Reference `fig:rules:chain' on page 88 undefined on input line 1
645.


LaTeX Warning: Reference `fig:funcs:chain-helper' on page 88 undefined on input
 line 1646.


LaTeX Warning: Hyper reference `fig:rules:tick' on page 88 undefined on input l
ine 1809.


LaTeX Warning: Hyper reference `fig:rules:tick' on page 88 undefined on input l
ine 1809.


LaTeX Warning: Hyper reference `fig:rules:tick-nonce' on page 88 undefined on i
nput line 1809.


LaTeX Warning: Hyper reference `fig:rules:tick-nonce' on page 88 undefined on i
nput line 1809.


LaTeX Warning: Hyper reference `fig:rules:prtcl' on page 88 undefined on input 
line 1809.


LaTeX Warning: Hyper reference `fig:rules:prtcl' on page 88 undefined on input 
line 1809.


LaTeX Warning: Hyper reference `fig:rules:bbody' on page 88 undefined on input 
line 1809.


LaTeX Warning: Hyper reference `fig:rules:bbody' on page 88 undefined on input 
line 1809.

[88

] [89] [90] [91]

LaTeX Warning: Citation `byron_chain_spec' on page 92 undefined on input line 1
861.


LaTeX Warning: Reference `fig:functions:initial-shelley-states' on page 92 unde
fined on input line 1863.


LaTeX Warning: Reference `fig:functions:to-shelley' on page 92 undefined on inp
ut line 1864.

) [92

] [93] [94]
\openout2 = `software-updates.aux'.

 (./software-updates.tex

LaTeX Warning: Reference `sec:defs-blocks' on page 95 undefined on input line 2
2.


LaTeX Warning: Reference `sec:update' on page 95 undefined on input line 44.

) [95



]
\openout2 = `sts-overview.aux'.

 (./sts-overview.tex

LaTeX Warning: Reference `fig:sts-rules-dependencies' on page 96 undefined on i
nput line 4.

<rules.pdf, id=628, 640.3925pt x 766.865pt>
File: rules.pdf Graphic file (type pdf)
<use rules.pdf>
Package pdftex.def Info: rules.pdf  used on input line 20.
(pdftex.def)             Requested size: 455.24411pt x 545.15666pt.
) [96



] [97 <./rules.pdf>]
\openout2 = `properties.aux'.

 (./properties.tex

LaTeX Warning: Citation `byron_chain_spec' on page 98 undefined on input line 2
1.


LaTeX Warning: Reference `prop:header-only-validation' on page 98 undefined on 
input line 25.


LaTeX Warning: Hyper reference `fig:rules:new-epoch' on page 98 undefined on in
put line 67.


LaTeX Warning: Hyper reference `fig:rules:new-epoch' on page 98 undefined on in
put line 67.

[98



]

LaTeX Warning: Hyper reference `fig:rules:tickf' on page 99 undefined on input 
line 142.


LaTeX Warning: Hyper reference `fig:rules:tickf' on page 99 undefined on input 
line 142.


LaTeX Warning: Hyper reference `fig:rules:tick-nonce' on page 99 undefined on i
nput line 142.


LaTeX Warning: Hyper reference `fig:rules:tick-nonce' on page 99 undefined on i
nput line 142.


LaTeX Warning: Hyper reference `fig:rules:prtcl' on page 99 undefined on input 
line 142.


LaTeX Warning: Hyper reference `fig:rules:prtcl' on page 99 undefined on input 
line 142.


LaTeX Warning: Hyper reference `fig:rules:chain' on page 99 undefined on input 
line 181.


LaTeX Warning: Hyper reference `fig:rules:chain' on page 99 undefined on input 
line 181.


LaTeX Warning: Hyper reference `fig:rules:chainhead' on page 99 undefined on in
put line 183.


LaTeX Warning: Hyper reference `fig:rules:chainhead' on page 99 undefined on in
put line 183.


LaTeX Warning: Hyper reference `fig:rules:chainhead' on page 99 undefined on in
put line 198.


LaTeX Warning: Hyper reference `fig:rules:chainhead' on page 99 undefined on in
put line 198.


LaTeX Warning: Hyper reference `fig:rules:chain' on page 99 undefined on input 
line 200.


LaTeX Warning: Hyper reference `fig:rules:chain' on page 99 undefined on input 
line 200.


LaTeX Warning: Hyper reference `fig:rules:chainhead' on page 99 undefined on in
put line 202.


LaTeX Warning: Hyper reference `fig:rules:chainhead' on page 99 undefined on in
put line 202.

[99

]

LaTeX Warning: Reference `prop:body-only-validation' on page 100 undefined on i
nput line 208.


LaTeX Warning: Hyper reference `fig:rules:chainhead' on page 100 undefined on i
nput line 216.


LaTeX Warning: Hyper reference `fig:rules:chainhead' on page 100 undefined on i
nput line 216.


LaTeX Warning: Hyper reference `fig:rules:chain' on page 100 undefined on input
 line 226.


LaTeX Warning: Hyper reference `fig:rules:chain' on page 100 undefined on input
 line 226.


LaTeX Warning: Reference `prop:body-only-validation' on page 100 undefined on i
nput line 228.


LaTeX Warning: Hyper reference `fig:rules:chainhead' on page 100 undefined on i
nput line 231.


LaTeX Warning: Hyper reference `fig:rules:chainhead' on page 100 undefined on i
nput line 231.


LaTeX Warning: Hyper reference `fig:rules:chain' on page 100 undefined on input
 line 244.


LaTeX Warning: Hyper reference `fig:rules:chain' on page 100 undefined on input
 line 244.


LaTeX Warning: Hyper reference `fig:rules:chain' on page 100 undefined on input
 line 244.


LaTeX Warning: Hyper reference `fig:rules:chain' on page 100 undefined on input
 line 244.


LaTeX Warning: Hyper reference `fig:rules:chain' on page 100 undefined on input
 line 246.


LaTeX Warning: Hyper reference `fig:rules:chain' on page 100 undefined on input
 line 246.


LaTeX Warning: Hyper reference `fig:rules:chainhead' on page 100 undefined on i
nput line 248.


LaTeX Warning: Hyper reference `fig:rules:chainhead' on page 100 undefined on i
nput line 248.


LaTeX Warning: Reference `prop:roll-back-funk' on page 100 undefined on input l
ine 253.


LaTeX Warning: Reference `sec:ledger-trans' on page 100 undefined on input line
 269.


LaTeX Warning: Reference `fig:valid-ledger' on page 100 undefined on input line
 293.

[100]

LaTeX Warning: Reference `def:valid-ledger-state' on page 101 undefined on inpu
t line 320.


LaTeX Warning: Reference `prop:ledger-properties-1' on page 101 undefined on in
put line 341.


LaTeX Warning: Reference `prop:ledger-properties-2' on page 101 undefined on in
put line 362.


LaTeX Warning: Reference `fig:rules:utxo-shelley' on page 101 undefined on inpu
t line 367.

[101]

LaTeX Warning: Reference `prop:ledger-properties-3' on page 102 undefined on in
put line 380.


LaTeX Warning: Reference `prop:ledger-properties-4' on page 102 undefined on in
put line 395.


LaTeX Warning: Reference `prop:ledger-properties-5' on page 102 undefined on in
put line 413.


LaTeX Warning: Reference `prop:ledger-properties-no-double-spend' on page 102 u
ndefined on input line 443.

[102]

LaTeX Warning: Reference `prop:ledger-properties-6' on page 103 undefined on in
put line 495.


LaTeX Warning: Reference `prop:ledger-properties-7' on page 103 undefined on in
put line 516.

[103]

LaTeX Warning: Reference `prop:ledger-properties-8' on page 104 undefined on in
put line 534.


LaTeX Warning: Reference `prop:genkeys-delegated' on page 104 undefined on inpu
t line 549.


LaTeX Warning: Reference `prop:ledger-properties-9' on page 104 undefined on in
put line 568.


Overfull \hbox (17.4638pt too wide) detected at line 585
 []$[]  \OMS/zplm/m/n/10.95 8\OT1/ppl/m/it/10.95 l\OT1/ppl/m/n/10.95 , [] \OMS/
zplm/m/n/10.95 2 []\OT1/ppl/m/n/10.95 , [] \OMS/zplm/m/n/10.95 2 [] \OT1/zplm/m
/n/10.95 : [] []\OT1/ppl/m/it/10.95 l\OT1/ppl/m/n/10.95 , \OML/zplm/m/it/10.95 
l \OT1/zplm/m/n/10.95 = ([]\OT1/ppl/m/n/10.95 , \OT1/zplm/m/n/10.95 ([]\OT1/ppl
/m/n/10.95 , \OML/zplm/m/it/10.95 p\OT1/zplm/m/n/10.95 ))\OT1/ppl/m/n/10.95 , \
OML/zplm/m/it/10.95 l[] \OT1/zplm/m/n/10.95 = ([]\OT1/ppl/m/n/10.95 , \OT1/zplm
/m/n/10.95 ([]\OT1/ppl/m/n/10.95 , \OML/zplm/m/it/10.95 p[]\OT1/zplm/m/n/10.95 
))\OT1/ppl/m/n/10.95 , \OML/zplm/m/it/10.95 pEnv \OMS/zplm/m/n/10.95 2 []$ 
 []


LaTeX Warning: Reference `prop:ledger-properties-10' on page 104 undefined on i
nput line 589.

[104]

LaTeX Warning: Reference `prop:ledger-properties-11' on page 105 undefined on i
nput line 611.


LaTeX Warning: Reference `sec:epoch' on page 105 undefined on input line 621.


Overfull \hbox (3.60515pt too wide) detected at line 673
 []$[]  \OMS/zplm/m/n/10.95 8\OML/zplm/m/it/10.95 m \OMS/zplm/m/n/10.95 2 \OT1/
zplm/m/n/10.95 [\OT1/ppl/m/n/10.95 0, 1\OT1/zplm/m/n/10.95 ]\OT1/ppl/m/n/10.95 
, \OML/zplm/m/it/10.95 c \OMS/zplm/m/n/10.95 2 \OML/zplm/m/it/10.95 Coin  \OT1/
zplm/m/n/10.95 =[]\OMS/zplm/m/n/10.95 )  \OML/zplm/m/it/10.95 c \OT1/zplm/m/n/1
0.95 + [][] + [][][] \OMS/zplm/m/n/10.95 ^^T []  $ 
 []

[105])
\openout2 = `hand_proofs.aux'.

 (./hand_proofs.tex

LaTeX Warning: Reference `fig:fund-preservation' on page 106 undefined on input
 line 7.


LaTeX Warning: Reference `fig:fund-preservation' on page 106 undefined on input
 line 14.


Overfull \hbox (8.04pt too wide) in paragraph at lines 12--24
[][] 
 []


Overfull \hbox (14.20293pt too wide) detected at line 41
[]\OT1/zplm/m/n/10.95 (\OML/zplm/m/it/10.95 s [] \OMS/zplm/m/n/10.95 2  [][]\OT
1/zplm/m/n/10.95 ) = []([]) + []([]) + []([]) + []([]) + []([]) + []([])
 []


LaTeX Warning: Hyper reference `fig:rules:chain' on page 106 undefined on input
 line 72.


LaTeX Warning: Hyper reference `fig:rules:chain' on page 106 undefined on input
 line 72.


LaTeX Warning: Reference `thm:chain-pres-of-value' on page 106 undefined on inp
ut line 81.


LaTeX Warning: Hyper reference `fig:rules:utxo-shelley' on page 106 undefined o
n input line 111.


LaTeX Warning: Hyper reference `fig:rules:utxo-shelley' on page 106 undefined o
n input line 111.

[106




]

LaTeX Warning: Reference `cons-is-prod' on page 107 undefined on input line 136
.


LaTeX Warning: Reference `fig:functions:utxo' on page 107 undefined on input li
ne 140.


LaTeX Warning: Reference `thm:non-neg-deposits' on page 107 undefined on input 
line 148.


LaTeX Warning: Reference `lemma:value-sum-pres-1' on page 107 undefined on inpu
t line 155.


LaTeX Warning: Reference `lemma:value-sum-pres-2' on page 107 undefined on inpu
t line 158.


LaTeX Warning: Reference `lemma:value-sum-pres-2' on page 107 undefined on inpu
t line 161.


LaTeX Warning: Hyper reference `fig:delegation-rules' on page 107 undefined on 
input line 173.


LaTeX Warning: Hyper reference `fig:delegation-rules' on page 107 undefined on 
input line 173.


LaTeX Warning: Hyper reference `fig:rules:delegation-sequence' on page 107 unde
fined on input line 193.


LaTeX Warning: Hyper reference `fig:rules:delegation-sequence' on page 107 unde
fined on input line 193.


LaTeX Warning: Reference `lemma:value-sum-pres-2' on page 107 undefined on inpu
t line 218.

[107]

LaTeX Warning: Reference `lemma:deleg-pres-of-value' on page 108 undefined on i
nput line 231.


LaTeX Warning: Hyper reference `fig:rules:pool-reap' on page 108 undefined on i
nput line 238.


LaTeX Warning: Hyper reference `fig:rules:pool-reap' on page 108 undefined on i
nput line 238.


LaTeX Warning: Reference `thm:non-neg-deposits' on page 108 undefined on input 
line 253.


LaTeX Warning: Reference `fig:functions:reward-update-creation' on page 108 und
efined on input line 275.


LaTeX Warning: Reference `lemma:ru-pres-of-value' on page 108 undefined on inpu
t line 299.


LaTeX Warning: Reference `thm:chain-pres-of-value' on page 108 undefined on inp
ut line 300.


LaTeX Warning: Reference `thm:chain-pres-of-value' on page 108 undefined on inp
ut line 304.


LaTeX Warning: Reference `lemma:utxo-pres-of-value' on page 108 undefined on in
put line 319.


LaTeX Warning: Reference `lemma:delegs-pres-of-value' on page 108 undefined on 
input line 319.


LaTeX Warning: Reference `lemma:poolreap-pres-of-value' on page 108 undefined o
n input line 328.


LaTeX Warning: Reference `fig:rules:mir' on page 108 undefined on input line 33
0.

[108]

LaTeX Warning: Citation `delegation_design' on page 109 undefined on input line
 344.


LaTeX Warning: Hyper reference `fig:rules:chain' on page 109 undefined on input
 line 375.


LaTeX Warning: Hyper reference `fig:rules:chain' on page 109 undefined on input
 line 375.


LaTeX Warning: Hyper reference `fig:rules:chain' on page 109 undefined on input
 line 376.


LaTeX Warning: Hyper reference `fig:rules:chain' on page 109 undefined on input
 line 376.


LaTeX Warning: Hyper reference `fig:rules:chain' on page 109 undefined on input
 line 378.


LaTeX Warning: Hyper reference `fig:rules:chain' on page 109 undefined on input
 line 378.


LaTeX Warning: Reference `fig:functions:deposits-refunds' on page 109 undefined
 on input line 414.


Overfull \vbox (0.70413pt too high) has occurred while \output is active []


[109]

LaTeX Warning: Reference `fig:funcs:epoch-helper-rewards' on page 110 undefined
 on input line 442.


LaTeX Warning: Hyper reference `fig:rules:chain' on page 110 undefined on input
 line 445.


LaTeX Warning: Hyper reference `fig:rules:chain' on page 110 undefined on input
 line 445.


LaTeX Warning: Hyper reference `fig:delegation-transitions' on page 110 undefin
ed on input line 447.


LaTeX Warning: Hyper reference `fig:rules:ledger' on page 110 undefined on inpu
t line 450.


LaTeX Warning: Hyper reference `fig:rules:utxo-shelley' on page 110 undefined o
n input line 451.


LaTeX Warning: Reference `DBE' on page 110 undefined on input line 456.


LaTeX Warning: Reference `fig:rules:snapshot' on page 110 undefined on input li
ne 466.


LaTeX Warning: Reference `fig:rules:pool-reap' on page 110 undefined on input l
ine 467.


LaTeX Warning: Reference `fig:rules:new-proto-param' on page 110 undefined on i
nput line 468.


LaTeX Warning: Reference `fig:rules:utxo-shelley' on page 110 undefined on inpu
t line 469.


LaTeX Warning: Reference `eq:new-epoch' on page 110 undefined on input line 474
.


LaTeX Warning: Reference `fig:rules:new-epoch' on page 110 undefined on input l
ine 474.


LaTeX Warning: Hyper reference `fig:rules:chain' on page 110 undefined on input
 line 481.


LaTeX Warning: Hyper reference `fig:rules:chain' on page 110 undefined on input
 line 481.


LaTeX Warning: Reference `DBE' on page 110 undefined on input line 483.


LaTeX Warning: Reference `DBE' on page 110 undefined on input line 484.


LaTeX Warning: Reference `DBE' on page 110 undefined on input line 487.


LaTeX Warning: Reference `DBE' on page 110 undefined on input line 489.


LaTeX Warning: Hyper reference `fig:rules:tick' on page 110 undefined on input 
line 495.


LaTeX Warning: Hyper reference `fig:rules:tick' on page 110 undefined on input 
line 495.


LaTeX Warning: Hyper reference `fig:rules:chain' on page 110 undefined on input
 line 498.


LaTeX Warning: Hyper reference `fig:rules:chain' on page 110 undefined on input
 line 498.


Overfull \hbox (7.36813pt too wide) in paragraph at lines 496--501
\OT1/ppl/m/n/10.95 (-20) be the first sub-transition of $\OML/zplm/m/it/10.95 s
[] \OMS/zplm/m/n/10.95 ` \OML/zplm/m/it/10.95 c[] [] c[]$\OT1/ppl/m/n/10.95 (-2
0) . If $[]\OT1/zplm/m/n/10.95 ([]\OT1/ppl/m/n/10.95 (-20) ,  [][]\OT1/zplm/m/n
/10.95 )$ \OT1/ppl/m/n/10.95 (-20) holds, then $[]\OT1/zplm/m/n/10.95 ([]\OT1/p
pl/m/n/10.95 (-20) ,  [][]\OT1/zplm/m/n/10.95 )$
 []


LaTeX Warning: Hyper reference `fig:rules:utxow-shelley' on page 110 undefined 
on input line 502.


LaTeX Warning: Hyper reference `fig:rules:utxow-shelley' on page 110 undefined 
on input line 502.

[110pdfTeX warning (ext4): destination with the same identifier (name{equation.
15.47}) has been already used, duplicate ignored
<argument> ...shipout:D \box_use:N \l_shipout_box 
                                                  \__shipout_drop_firstpage_...
l.503       $$
              pdfTeX warning (ext4): destination with the same identifier (name
{equation.15.47}) has been already used, duplicate ignored
<argument> ...shipout:D \box_use:N \l_shipout_box 
                                                  \__shipout_drop_firstpage_...
l.503       $$
              ]

LaTeX Warning: Hyper reference `fig:rules:chain' on page 111 undefined on input
 line 505.


LaTeX Warning: Hyper reference `fig:rules:chain' on page 111 undefined on input
 line 505.


LaTeX Warning: Hyper reference `fig:rules:snapshot' on page 111 undefined on in
put line 510.


LaTeX Warning: Hyper reference `fig:rules:chain' on page 111 undefined on input
 line 513.


LaTeX Warning: Hyper reference `fig:rules:chain' on page 111 undefined on input
 line 513.


LaTeX Warning: Reference `DBE' on page 111 undefined on input line 521.


LaTeX Warning: Reference `DEO' on page 111 undefined on input line 521.


LaTeX Warning: Hyper reference `fig:rules:pool-reap' on page 111 undefined on i
nput line 524.


LaTeX Warning: Reference `DBE' on page 111 undefined on input line 525.


Underfull \hbox (badness 10000) in paragraph at lines 509--530

 []


LaTeX Warning: Reference `DEO' on page 111 undefined on input line 563.


LaTeX Warning: Hyper reference `fig:rules:new-proto-param' on page 111 undefine
d on input line 565.


LaTeX Warning: Reference `DBE' on page 111 undefined on input line 566.


LaTeX Warning: Hyper reference `fig:rules:utxo-shelley' on page 111 undefined o
n input line 574.


LaTeX Warning: Reference `DBE' on page 111 undefined on input line 577.


Underfull \hbox (badness 10000) in paragraph at lines 562--585

 []


Underfull \hbox (badness 10000) in paragraph at lines 562--585

 []

[111]

LaTeX Warning: Reference `fig:rules:utxo-shelley' on page 112 undefined on inpu
t line 606.


LaTeX Warning: Reference `fig:functions:deposits-refunds' on page 112 undefined
 on input line 611.


LaTeX Warning: Reference `fig:functions:deposits-refunds' on page 112 undefined
 on input line 621.

pdfTeX warning (ext4): destination with the same identifier (name{equation.15.4
7}) has been already used, duplicate ignored
<to be read again> 
                   \relax 
l.626   \begin{equation}
                        \label{deleted-is-refunds-plus-decayed}pdfTeX warning (
ext4): destination with the same identifier (name{equation.15.47}) has been alr
eady used, duplicate ignored
<to be read again> 
                   \relax 
l.626   \begin{equation}
                        \label{deleted-is-refunds-plus-decayed}pdfTeX warning (
ext4): destination with the same identifier (name{equation.15.47}) has been alr
eady used, duplicate ignored
<to be read again> 
                   \relax 
l.626   \begin{equation}
                        \label{deleted-is-refunds-plus-decayed}pdfTeX warning (
ext4): destination with the same identifier (name{equation.15.47}) has been alr
eady used, duplicate ignored
<to be read again> 
                   \relax 
l.626   \begin{equation}
                        \label{deleted-is-refunds-plus-decayed}

LaTeX Warning: Reference `deleted-is-refunds-plus-decayed' on page 112 undefine
d on input line 642.

) [112]
\openout2 = `leader-value.aux'.

 (./leader-value.tex

LaTeX Warning: Citation `ouroboros_praos' on page 113 undefined on input line 2
6.

) [113



]
\openout2 = `errata.aux'.

 (./errata.tex

LaTeX Warning: Citation `delegation_design' on page 114 undefined on input line
 9.


LaTeX Warning: Reference `fig:rules:reward-update' on page 114 undefined on inp
ut line 15.


LaTeX Warning: Reference `sec:reward-overview' on page 114 undefined on input l
ine 19.


LaTeX Warning: Reference `fig:functions:reward-calc' on page 114 undefined on i
nput line 25.


LaTeX Warning: Reference `fig:rules:update-nonce' on page 114 undefined on inpu
t line 40.


LaTeX Warning: Reference `fig:rules:reward-update' on page 114 undefined on inp
ut line 43.


LaTeX Warning: Reference `fig:functions:reward-calc' on page 114 undefined on i
nput line 64.

[114



]

LaTeX Warning: Reference `fig:defs:addresses' on page 115 undefined on input li
ne 84.


LaTeX Warning: Reference `fig:rules:chain' on page 115 undefined on input line 
94.

) [115]
No file shelley-ledger.bbl.
(./crypto-details.tex

LaTeX Warning: Reference `sec:app-addresses' on page 116 undefined on input lin
e 20.


LaTeX Warning: Reference `sec:app-vrf' on page 116 undefined on input line 20.


LaTeX Warning: Reference `fig:defs:addresses' on page 116 undefined on input li
ne 21.


LaTeX Warning: Reference `fig:ts-types:pp-update' on page 116 undefined on inpu
t line 22.


LaTeX Warning: Reference `fig:delegation-transitions' on page 116 undefined on 
input line 23.


LaTeX Warning: Reference `fig:delegation-defs' on page 116 undefined on input l
ine 24.


Overfull \hbox (2.00737pt too wide) in paragraph at lines 19--26
[]\OT1/ppl/m/n/10.95 (-20) The hash-ing al-go-rithm we use for all ver-i-fi-ca-
tion keys and multi-signature scripts is BLAKE2b-
 []


LaTeX Warning: Reference `fig:rules:utxow-shelley' on page 116 undefined on inp
ut line 27.


LaTeX Warning: Reference `sec:cddl' on page 116 undefined on input line 29.


LaTeX Warning: Citation `rfcBLAKE2' on page 116 undefined on input line 32.


LaTeX Warning: Reference `fig:crypto-defs-shelley' on page 116 undefined on inp
ut line 36.


LaTeX Warning: Citation `rfcEdDSA' on page 116 undefined on input line 37.


LaTeX Warning: Reference `fig:kes-defs-shelley' on page 116 undefined on input 
line 40.


LaTeX Warning: Citation `cryptoeprint:2001:034' on page 116 undefined on input 
line 41.


LaTeX Warning: Reference `fig:rules:ocert' on page 116 undefined on input line 
44.


LaTeX Warning: Reference `fig:defs-vrf' on page 116 undefined on input line 48.



LaTeX Warning: Citation `rfcVRFDraft' on page 116 undefined on input line 50.

[116




]

LaTeX Warning: Reference `fig:defs:utxo-shelley' on page 117 undefined on input
 line 63.


LaTeX Warning: Reference `fig:defs-vrf' on page 117 undefined on input line 69.



LaTeX Warning: Reference `fig:defs:blocks' on page 117 undefined on input line 
71.


LaTeX Warning: Reference `fig:types-msig' on page 117 undefined on input line 7
7.


LaTeX Warning: Citation `musigBoneh' on page 117 undefined on input line 90.


LaTeX Warning: Citation `musig' on page 117 undefined on input line 90.


LaTeX Warning: Citation `musig2' on page 117 undefined on input line 90.


LaTeX Warning: Citation `pixel' on page 117 undefined on input line 90.


LaTeX Warning: Citation `musigs' on page 117 undefined on input line 94.


Underfull \hbox (badness 10000) in paragraph at lines 94--102
[]\OT1/ppl/m/n/10.95 (+20) A multi-signature scheme [[]] is de-fined as a tu-pl
e of al-go-rithms $[] \OT1/zplm/m/n/10.95 =
 []


Underfull \hbox (badness 2197) in paragraph at lines 94--102
\OT1/zplm/m/n/10.95 ([]\OT1/ppl/m/n/10.95 (+20) , [], [], [], [], []$ such that
 $\OT1/zplm/m/n/10.95 ^^E \OMS/zplm/m/n/10.95   []\OT1/zplm/m/n/10.95 (\OT1/ppl
/m/n/10.95 (+20) 1[]\OT1/zplm/m/n/10.95 )$
 []


LaTeX Warning: Reference `fig:types-msig' on page 117 undefined on input line 1
19.


LaTeX Warning: Reference `fig:types-msig' on page 117 undefined on input line 1
20.


LaTeX Warning: Reference `fig:types-msig' on page 117 undefined on input line 1
25.

) (./address-binary.tex [117] [118]) (./bootstrap-witnesses.tex

LaTeX Warning: Citation `bip32' on page 119 undefined on input line 7.


Underfull \hbox (badness 1859) in paragraph at lines 20--24
[]\OT1/ppl/m/n/10.95 (+20) The CBOR spec-i-fi-ca-tion of boot-strap wit-nesses,
 named $[]$, is given
 []

) (./cddl.tex

LaTeX Warning: Citation `rfcCBOR' on page 119 undefined on input line 4.


LaTeX Warning: Citation `rfcCDDL' on page 119 undefined on input line 6.


Underfull \hbox (badness 10000) in paragraph at lines 8--10
[]\OT1/ppl/m/n/10.95 (+20) The CDDL spec-i-fi-ca-tion is lo-cated at [][]$\OT1/
cmtt/m/n/10.95 https : / / github . com / intersectmbo /
 []

) (./txsize.tex [119]
LaTeX Font Info:    Font shape `U/msa/m/n' will be
(Font)              scaled to size 15.0049pt on input line 1.
LaTeX Font Info:    Font shape `U/msa/m/n' will be
(Font)              scaled to size 10.42007pt on input line 1.
LaTeX Font Info:    Font shape `U/msb/m/n' will be
(Font)              scaled to size 15.0049pt on input line 1.
LaTeX Font Info:    Font shape `U/msb/m/n' will be
(Font)              scaled to size 10.42007pt on input line 1.


LaTeX Warning: Reference `fig:defs:protocol-parameters-helpers' on page 120 und
efined on input line 4.


LaTeX Warning: Reference `sec:cddl' on page 120 undefined on input line 7.

) (./proofs.tex

LaTeX Warning: Citation `DBLP:journals/jar/AkbarpourP10' on page 120 undefined 
on input line 8.


LaTeX Warning: Reference `prop:reward-splitting' on page 120 undefined on input
 line 12.


LaTeX Warning: Reference `prop:reward-splitting' on page 120 undefined on input
 line 13.


LaTeX Warning: Citation `delegation_design' on page 120 undefined on input line
 19.

) [120] (./shelley-ledger.aux (./intro.aux) (./notation.aux)
(./crypto-primitives.aux) (./address.aux) (./protocol-parameters.aux)
(./transactions.aux) (./update.aux) (./utxo.aux) (./delegation.aux)
(./ledger.aux) (./epoch.aux) (./chain.aux) (./software-updates.aux)
(./sts-overview.aux) (./properties.aux) (./hand_proofs.aux) (./leader-value.aux
) (./errata.aux))

LaTeX Font Warning: Some font shapes were not available, defaults substituted.


LaTeX Warning: There were undefined references.


LaTeX Warning: Label(s) may have changed. Rerun to get cross-references right.


Package rerunfilecheck Warning: File `shelley-ledger.out' has changed.
(rerunfilecheck)                Rerun to get outlines right
(rerunfilecheck)                or use package `bookmark'.

Package rerunfilecheck Info: Checksums for `shelley-ledger.out':
(rerunfilecheck)             Before: <no file>
(rerunfilecheck)             After:  D90A4DD9D1AE23EB6B6F890A8D4B6D1D;15133.
 ) 
Here is how much of TeX's memory you used:
 31001 strings out of 478287
 573648 string characters out of 5849289
 850560 words of memory out of 5000000
 47572 multiletter control sequences out of 15000+600000
 578738 words of font info for 552 fonts, out of 8000000 for 9000
 1141 hyphenation exceptions out of 8191
 84i,46n,90p,1011b,870s stack positions out of 5000i,500n,10000p,200000b,80000s
{/usr/share/texlive/texmf-dist/fonts/enc/dvips/base/8r.enc} </home/shd/.texli
ve2021/texmf-var/fonts/pk/ljfour/jknappen/ec/ectt1200.600pk></usr/share/texlive
/texmf-dist/fonts/type1/public/amsfonts/cm/cmbsy10.pfb></usr/share/texlive/texm
f-dist/fonts/type1/public/amsfonts/cm/cmbx10.pfb></usr/share/texlive/texmf-dist
/fonts/type1/public/amsfonts/cm/cmex10.pfb></usr/share/texlive/texmf-dist/fonts
/type1/public/amsfonts/cm/cmmi10.pfb></usr/share/texlive/texmf-dist/fonts/type1
/public/amsfonts/cm/cmmib10.pfb></usr/share/texlive/texmf-dist/fonts/type1/publ
ic/amsfonts/cm/cmr10.pfb></usr/share/texlive/texmf-dist/fonts/type1/public/amsf
onts/cm/cmss10.pfb></usr/share/texlive/texmf-dist/fonts/type1/public/amsfonts/c
m/cmss12.pfb></usr/share/texlive/texmf-dist/fonts/type1/public/amsfonts/cm/cmss
8.pfb></usr/share/texlive/texmf-dist/fonts/type1/public/amsfonts/cm/cmss9.pfb><
/usr/share/texlive/texmf-dist/fonts/type1/public/amsfonts/cm/cmssbx10.pfb></usr
/share/texlive/texmf-dist/fonts/type1/public/amsfonts/cm/cmsy10.pfb></usr/share
/texlive/texmf-dist/fonts/type1/public/amsfonts/cm/cmtt10.pfb></usr/share/texli
ve/texmf-dist/fonts/type1/public/mathpazo/fplmb.pfb></usr/share/texlive/texmf-d
ist/fonts/type1/public/mathpazo/fplmbb.pfb></usr/share/texlive/texmf-dist/fonts
/type1/public/mathpazo/fplmbi.pfb></usr/share/texlive/texmf-dist/fonts/type1/pu
blic/mathpazo/fplmr.pfb></usr/share/texlive/texmf-dist/fonts/type1/public/mathp
azo/fplmri.pfb></usr/share/texlive/texmf-dist/fonts/type1/public/amsfonts/latxf
ont/lasy10.pfb></usr/share/texlive/texmf-dist/fonts/type1/public/amsfonts/latxf
ont/lasy8.pfb></usr/share/texlive/texmf-dist/fonts/type1/public/amsfonts/latxfo
nt/lasyb10.pfb></usr/share/texlive/texmf-dist/fonts/type1/public/stmaryrd/stmar
y10.pfb></usr/share/texlive/texmf-dist/fonts/type1/urw/palatino/uplb8a.pfb></us
r/share/texlive/texmf-dist/fonts/type1/urw/palatino/uplbi8a.pfb></usr/share/tex
live/texmf-dist/fonts/type1/urw/palatino/uplr8a.pfb></usr/share/texlive/texmf-d
ist/fonts/type1/urw/palatino/uplr8a.pfb></usr/share/texlive/texmf-dist/fonts/ty
pe1/urw/palatino/uplri8a.pfb></usr/share/texlive/texmf-dist/fonts/type1/urw/tim
es/utmb8a.pfb></usr/share/texlive/texmf-dist/fonts/type1/urw/times/utmr8a.pfb><
/usr/share/texlive/texmf-dist/fonts/type1/urw/times/utmr8a.pfb>
Output written on shelley-ledger.pdf (123 pages, 676861 bytes).
PDF statistics:
 1084 PDF objects out of 1200 (max. 8388607)
 863 compressed objects within 9 object streams
 393 named destinations out of 1000 (max. 500000)
 149015 words of extra memory for PDF output out of 154059 (max. 10000000)

